2016-08-17 08:48:17,821 [8] INFO  GET http://localhost:12345/api/Tests/GetTest: Category: System.Web.Http.Request; Level: Info; Kind: Begin; Operator: ; Operation: ; Status: 0; TimeStamp: 8/17/2016 5:48:17 AM; Message: http://localhost:12345/api/Tests/GetTest; Exception: 
2016-08-17 08:48:17,833 [8] INFO  GET http://localhost:12345/api/Tests/GetTest: Category: System.Web.Http.MessageHandlers; Level: Info; Kind: Begin; Operator: LogRequestAndResponseHandler; Operation: SendAsync; Status: 0; TimeStamp: 8/17/2016 5:48:17 AM; Message: "No message"; Exception: 
2016-08-17 08:48:17,837 [8] INFO  REQUEST BODY: Request: Method: GET, RequestUri: 'http://localhost:12345/api/Tests/GetTest', Version: 1.1, Content: System.Net.Http.ByteArrayContent, Headers:	{	  Connection: Keep-Alive	  Accept: application/json	  Host: localhost:12345	}; UserHostAddress: ::1; DetailContent: 
2016-08-17 08:48:17,867 [8] INFO  GET http://localhost:12345/api/Tests/GetTest: Category: System.Web.Http.Controllers; Level: Info; Kind: Begin; Operator: DefaultHttpControllerSelector; Operation: SelectController; Status: 0; TimeStamp: 8/17/2016 5:48:17 AM; Message: Route='controller:Tests,action:GetTest'; Exception: 
2016-08-17 08:48:17,879 [8] DEBUG No method No Uri: Category: System.Web.Http.Controllers; Level: Debug; Kind: Begin; Operator: DefaultHttpControllerTypeResolver; Operation: GetControllerTypes; Status: 0; TimeStamp: 8/17/2016 5:48:17 AM; Message: "No message"; Exception: 
2016-08-17 08:48:17,996 [8] DEBUG No method No Uri: Category: System.Web.Http.Controllers; Level: Debug; Kind: End; Operator: DefaultHttpControllerTypeResolver; Operation: GetControllerTypes; Status: 0; TimeStamp: 8/17/2016 5:48:17 AM; Message: "No message"; Exception: 
2016-08-17 08:48:18,001 [8] INFO  GET http://localhost:12345/api/Tests/GetTest: Category: System.Web.Http.Controllers; Level: Info; Kind: End; Operator: DefaultHttpControllerSelector; Operation: SelectController; Status: 0; TimeStamp: 8/17/2016 5:48:18 AM; Message: Tests; Exception: 
2016-08-17 08:48:18,003 [8] INFO  GET http://localhost:12345/api/Tests/GetTest: Category: System.Web.Http.Controllers; Level: Info; Kind: Begin; Operator: HttpControllerDescriptor; Operation: CreateController; Status: 0; TimeStamp: 8/17/2016 5:48:18 AM; Message: "No message"; Exception: 
2016-08-17 08:48:18,004 [8] INFO  GET http://localhost:12345/api/Tests/GetTest: Category: System.Web.Http.Controllers; Level: Info; Kind: Begin; Operator: DefaultHttpControllerActivator; Operation: Create; Status: 0; TimeStamp: 8/17/2016 5:48:18 AM; Message: "No message"; Exception: 
2016-08-17 08:48:18,014 [8] INFO  GET http://localhost:12345/api/Tests/GetTest: Category: System.Web.Http.Controllers; Level: Info; Kind: End; Operator: DefaultHttpControllerActivator; Operation: Create; Status: 0; TimeStamp: 8/17/2016 5:48:18 AM; Message: PasswordChanger.WebApiService.Controllers.TestsController; Exception: 
2016-08-17 08:48:18,015 [8] INFO  GET http://localhost:12345/api/Tests/GetTest: Category: System.Web.Http.Controllers; Level: Info; Kind: End; Operator: HttpControllerDescriptor; Operation: CreateController; Status: 0; TimeStamp: 8/17/2016 5:48:18 AM; Message: PasswordChanger.WebApiService.Controllers.TestsController; Exception: 
2016-08-17 08:48:18,018 [8] INFO  GET http://localhost:12345/api/Tests/GetTest: Category: System.Web.Http.Controllers; Level: Info; Kind: Begin; Operator: TestsController; Operation: ExecuteAsync; Status: 0; TimeStamp: 8/17/2016 5:48:18 AM; Message: "No message"; Exception: 
2016-08-17 08:48:18,022 [8] INFO  GET http://localhost:12345/api/Tests/GetTest: Category: System.Web.Http.Action; Level: Info; Kind: Begin; Operator: ApiControllerActionSelector; Operation: SelectAction; Status: 0; TimeStamp: 8/17/2016 5:48:18 AM; Message: "No message"; Exception: 
2016-08-17 08:48:18,049 [8] INFO  GET http://localhost:12345/api/Tests/GetTest: Category: System.Web.Http.Action; Level: Info; Kind: End; Operator: ApiControllerActionSelector; Operation: SelectAction; Status: 0; TimeStamp: 8/17/2016 5:48:18 AM; Message: Selected action 'GetTest()'; Exception: 
2016-08-17 08:48:18,073 [8] INFO  GET http://localhost:12345/api/Tests/GetTest: Category: System.Web.Http.Filters; Level: Info; Kind: Begin; Operator: AllawIpToConnectAttribute; Operation: OnAuthorizationAsync; Status: 0; TimeStamp: 8/17/2016 5:48:18 AM; Message: "No message"; Exception: 
2016-08-17 08:48:18,210 [8] INFO  GET http://localhost:12345/api/Tests/GetTest: Category: System.Web.Http.Filters; Level: Info; Kind: End; Operator: AllawIpToConnectAttribute; Operation: OnAuthorizationAsync; Status: 0; TimeStamp: 8/17/2016 5:48:18 AM; Message: "No message"; Exception: 
2016-08-17 08:48:18,216 [8] INFO  GET http://localhost:12345/api/Tests/GetTest: Category: System.Web.Http.ModelBinding; Level: Info; Kind: Begin; Operator: HttpActionBinding; Operation: ExecuteBindingAsync; Status: 0; TimeStamp: 8/17/2016 5:48:18 AM; Message: "No message"; Exception: 
2016-08-17 08:48:18,219 [8] INFO  GET http://localhost:12345/api/Tests/GetTest: Category: System.Web.Http.ModelBinding; Level: Info; Kind: End; Operator: HttpActionBinding; Operation: ExecuteBindingAsync; Status: 0; TimeStamp: 8/17/2016 5:48:18 AM; Message: "No message"; Exception: 
2016-08-17 08:48:18,224 [8] INFO  GET http://localhost:12345/api/Tests/GetTest: Category: System.Web.Http.Filters; Level: Info; Kind: Begin; Operator: ValidateModelAttribute; Operation: OnActionExecutingAsync; Status: 0; TimeStamp: 8/17/2016 5:48:18 AM; Message: Action filter for 'GetTest()'; Exception: 
2016-08-17 08:48:18,227 [8] INFO  GET http://localhost:12345/api/Tests/GetTest: Category: System.Web.Http.Filters; Level: Info; Kind: End; Operator: ValidateModelAttribute; Operation: OnActionExecutingAsync; Status: 0; TimeStamp: 8/17/2016 5:48:18 AM; Message: "No message"; Exception: 
2016-08-17 08:48:18,232 [8] INFO  GET http://localhost:12345/api/Tests/GetTest: Category: System.Web.Http.Action; Level: Info; Kind: Begin; Operator: ApiControllerActionInvoker; Operation: InvokeActionAsync; Status: 0; TimeStamp: 8/17/2016 5:48:18 AM; Message: Action='GetTest()'; Exception: 
2016-08-17 08:48:18,236 [8] INFO  GET http://localhost:12345/api/Tests/GetTest: Category: System.Web.Http.Action; Level: Info; Kind: Begin; Operator: ReflectedHttpActionDescriptor; Operation: ExecuteAsync; Status: 0; TimeStamp: 8/17/2016 5:48:18 AM; Message: Invoking action 'GetTest()'; Exception: 
2016-08-17 08:48:18,247 [8] INFO  GET http://localhost:12345/api/Tests/GetTest: Category: System.Net.Http.Formatting; Level: Info; Kind: Begin; Operator: DefaultContentNegotiator; Operation: Negotiate; Status: 0; TimeStamp: 8/17/2016 5:48:18 AM; Message: Type='String', formatters=[JsonMediaTypeFormatterTracer, XmlMediaTypeFormatterTracer, FormUrlEncodedMediaTypeFormatterTracer, FormUrlEncodedMediaTypeFormatterTracer]; Exception: 
2016-08-17 08:48:18,266 [8] INFO  GET http://localhost:12345/api/Tests/GetTest: Category: System.Net.Http.Formatting; Level: Info; Kind: Begin; Operator: JsonMediaTypeFormatter; Operation: GetPerRequestFormatterInstance; Status: 0; TimeStamp: 8/17/2016 5:48:18 AM; Message: Obtaining formatter of type 'JsonMediaTypeFormatter' for type='String', mediaType='application/json; charset=utf-8'; Exception: 
2016-08-17 08:48:18,268 [8] INFO  GET http://localhost:12345/api/Tests/GetTest: Category: System.Net.Http.Formatting; Level: Info; Kind: End; Operator: JsonMediaTypeFormatter; Operation: GetPerRequestFormatterInstance; Status: 0; TimeStamp: 8/17/2016 5:48:18 AM; Message: Will use same 'JsonMediaTypeFormatter' formatter; Exception: 
2016-08-17 08:48:18,270 [8] INFO  GET http://localhost:12345/api/Tests/GetTest: Category: System.Net.Http.Formatting; Level: Info; Kind: End; Operator: DefaultContentNegotiator; Operation: Negotiate; Status: 0; TimeStamp: 8/17/2016 5:48:18 AM; Message: Selected formatter='JsonMediaTypeFormatter', content-type='application/json; charset=utf-8'; Exception: 
2016-08-17 08:48:18,277 [8] INFO  GET http://localhost:12345/api/Tests/GetTest: Category: System.Web.Http.Action; Level: Info; Kind: End; Operator: ReflectedHttpActionDescriptor; Operation: ExecuteAsync; Status: 0; TimeStamp: 8/17/2016 5:48:18 AM; Message: Action returned 'StatusCode: 200, ReasonPhrase: 'OK', Version: 1.1, Content: System.Net.Http.ObjectContent`1[[System.String, mscorlib, Version=4.0.0.0, Culture=neutral, PublicKeyToken=b77a5c561934e089]], Headers: {   Content-Type: application/json; charset=utf-8 }'; Exception: 
2016-08-17 08:48:18,279 [8] INFO  GET http://localhost:12345/api/Tests/GetTest: Category: System.Web.Http.Action; Level: Info; Kind: End; Operator: ApiControllerActionInvoker; Operation: InvokeActionAsync; Status: OK; TimeStamp: 8/17/2016 5:48:18 AM; Message: "No message"; Exception: 
2016-08-17 08:48:18,282 [8] INFO  GET http://localhost:12345/api/Tests/GetTest: Category: System.Web.Http.Filters; Level: Info; Kind: Begin; Operator: ValidateModelAttribute; Operation: OnActionExecutedAsync; Status: OK; TimeStamp: 8/17/2016 5:48:18 AM; Message: Action filter for 'GetTest()'; Exception: 
2016-08-17 08:48:18,284 [8] INFO  GET http://localhost:12345/api/Tests/GetTest: Category: System.Web.Http.Filters; Level: Info; Kind: End; Operator: ValidateModelAttribute; Operation: OnActionExecutedAsync; Status: OK; TimeStamp: 8/17/2016 5:48:18 AM; Message: "No message"; Exception: 
2016-08-17 08:48:18,286 [8] INFO  GET http://localhost:12345/api/Tests/GetTest: Category: System.Web.Http.Controllers; Level: Info; Kind: End; Operator: TestsController; Operation: ExecuteAsync; Status: OK; TimeStamp: 8/17/2016 5:48:18 AM; Message: "No message"; Exception: 
2016-08-17 08:48:18,291 [9] INFO  GET http://localhost:12345/api/Tests/GetTest: Category: System.Net.Http.Formatting; Level: Info; Kind: Begin; Operator: JsonMediaTypeFormatter; Operation: WriteToStreamAsync; Status: 0; TimeStamp: 8/17/2016 5:48:18 AM; Message: Value='Now everything is perfect!', type='String', content-type='application/json; charset=utf-8'; Exception: 
2016-08-17 08:48:18,383 [9] INFO  GET http://localhost:12345/api/Tests/GetTest: Category: System.Net.Http.Formatting; Level: Info; Kind: End; Operator: JsonMediaTypeFormatter; Operation: WriteToStreamAsync; Status: 0; TimeStamp: 8/17/2016 5:48:18 AM; Message: "No message"; Exception: 
2016-08-17 08:48:18,384 [9] INFO  RESPONSE BODY: Response: StatusCode: 200, ReasonPhrase: 'OK', Version: 1.1, Content: System.Net.Http.ObjectContent`1[[System.String, mscorlib, Version=4.0.0.0, Culture=neutral, PublicKeyToken=b77a5c561934e089]], Headers:	{	  Content-Type: application/json; charset=utf-8	}; DetailContent:"Now everything is perfect!"
2016-08-17 08:48:18,386 [9] INFO  GET http://localhost:12345/api/Tests/GetTest: Category: System.Web.Http.MessageHandlers; Level: Info; Kind: End; Operator: LogRequestAndResponseHandler; Operation: SendAsync; Status: OK; TimeStamp: 8/17/2016 5:48:18 AM; Message: "No message"; Exception: 
2016-08-17 08:48:18,388 [9] INFO  GET http://localhost:12345/api/Tests/GetTest: Category: System.Web.Http.Request; Level: Info; Kind: End; Operator: ; Operation: ; Status: OK; TimeStamp: 8/17/2016 5:48:18 AM; Message: Content-type='application/json; charset=utf-8', content-length=28; Exception: 
2016-08-17 08:48:18,403 [9] INFO  GET http://localhost:12345/api/Tests/GetTest: Category: System.Web.Http.Controllers; Level: Info; Kind: Begin; Operator: TestsController; Operation: Dispose; Status: 0; TimeStamp: 8/17/2016 5:48:18 AM; Message: "No message"; Exception: 
2016-08-17 08:48:18,404 [9] INFO  GET http://localhost:12345/api/Tests/GetTest: Category: System.Web.Http.Controllers; Level: Info; Kind: End; Operator: TestsController; Operation: Dispose; Status: 0; TimeStamp: 8/17/2016 5:48:18 AM; Message: "No message"; Exception: 
2016-08-17 08:48:24,609 [8] INFO  POST http://localhost:12345/api/PasswordChanger/ChangePassword: Category: System.Web.Http.Request; Level: Info; Kind: Begin; Operator: ; Operation: ; Status: 0; TimeStamp: 8/17/2016 5:48:24 AM; Message: http://localhost:12345/api/PasswordChanger/ChangePassword; Exception: 
2016-08-17 08:48:24,610 [8] INFO  POST http://localhost:12345/api/PasswordChanger/ChangePassword: Category: System.Web.Http.MessageHandlers; Level: Info; Kind: Begin; Operator: LogRequestAndResponseHandler; Operation: SendAsync; Status: 0; TimeStamp: 8/17/2016 5:48:24 AM; Message: "No message"; Exception: 
2016-08-17 08:48:24,611 [8] INFO  REQUEST BODY: Request: Method: POST, RequestUri: 'http://localhost:12345/api/PasswordChanger/ChangePassword', Version: 1.1, Content: System.Web.Http.SelfHost.Channels.HttpMessageEncoderFactory+HttpMessageEncoder+ByteArrayBufferManagerContent, Headers:	{	  Host: localhost:12345	  Content-Length: 82	  Content-Type: application/json	}; UserHostAddress: ::1; DetailContent: {	"UserName":"test1",	"CurrentPassword":"12345678",	"NewPassword":"12345678"	}
2016-08-17 08:48:24,612 [8] INFO  POST http://localhost:12345/api/PasswordChanger/ChangePassword: Category: System.Web.Http.Controllers; Level: Info; Kind: Begin; Operator: DefaultHttpControllerSelector; Operation: SelectController; Status: 0; TimeStamp: 8/17/2016 5:48:24 AM; Message: Route='controller:PasswordChanger,action:ChangePassword'; Exception: 
2016-08-17 08:48:24,612 [8] INFO  POST http://localhost:12345/api/PasswordChanger/ChangePassword: Category: System.Web.Http.Controllers; Level: Info; Kind: End; Operator: DefaultHttpControllerSelector; Operation: SelectController; Status: 0; TimeStamp: 8/17/2016 5:48:24 AM; Message: PasswordChanger; Exception: 
2016-08-17 08:48:24,613 [8] INFO  POST http://localhost:12345/api/PasswordChanger/ChangePassword: Category: System.Web.Http.Controllers; Level: Info; Kind: Begin; Operator: HttpControllerDescriptor; Operation: CreateController; Status: 0; TimeStamp: 8/17/2016 5:48:24 AM; Message: "No message"; Exception: 
2016-08-17 08:48:24,614 [8] INFO  POST http://localhost:12345/api/PasswordChanger/ChangePassword: Category: System.Web.Http.Controllers; Level: Info; Kind: Begin; Operator: DefaultHttpControllerActivator; Operation: Create; Status: 0; TimeStamp: 8/17/2016 5:48:24 AM; Message: "No message"; Exception: 
2016-08-17 08:48:24,620 [8] INFO  POST http://localhost:12345/api/PasswordChanger/ChangePassword: Category: System.Web.Http.Controllers; Level: Info; Kind: End; Operator: DefaultHttpControllerActivator; Operation: Create; Status: 0; TimeStamp: 8/17/2016 5:48:24 AM; Message: PasswordChanger.WebApiService.Controllers.PasswordChangerController; Exception: 
2016-08-17 08:48:24,621 [8] INFO  POST http://localhost:12345/api/PasswordChanger/ChangePassword: Category: System.Web.Http.Controllers; Level: Info; Kind: End; Operator: HttpControllerDescriptor; Operation: CreateController; Status: 0; TimeStamp: 8/17/2016 5:48:24 AM; Message: PasswordChanger.WebApiService.Controllers.PasswordChangerController; Exception: 
2016-08-17 08:48:24,621 [8] INFO  POST http://localhost:12345/api/PasswordChanger/ChangePassword: Category: System.Web.Http.Controllers; Level: Info; Kind: Begin; Operator: PasswordChangerController; Operation: ExecuteAsync; Status: 0; TimeStamp: 8/17/2016 5:48:24 AM; Message: "No message"; Exception: 
2016-08-17 08:48:24,622 [8] INFO  POST http://localhost:12345/api/PasswordChanger/ChangePassword: Category: System.Web.Http.Action; Level: Info; Kind: Begin; Operator: ApiControllerActionSelector; Operation: SelectAction; Status: 0; TimeStamp: 8/17/2016 5:48:24 AM; Message: "No message"; Exception: 
2016-08-17 08:48:24,629 [8] INFO  POST http://localhost:12345/api/PasswordChanger/ChangePassword: Category: System.Web.Http.Action; Level: Info; Kind: End; Operator: ApiControllerActionSelector; Operation: SelectAction; Status: 0; TimeStamp: 8/17/2016 5:48:24 AM; Message: Selected action 'ChangePassword(UsersDataDto user)'; Exception: 
2016-08-17 08:48:24,630 [8] INFO  POST http://localhost:12345/api/PasswordChanger/ChangePassword: Category: System.Web.Http.Filters; Level: Info; Kind: Begin; Operator: AllawIpToConnectAttribute; Operation: OnAuthorizationAsync; Status: 0; TimeStamp: 8/17/2016 5:48:24 AM; Message: "No message"; Exception: 
2016-08-17 08:48:24,631 [8] INFO  POST http://localhost:12345/api/PasswordChanger/ChangePassword: Category: System.Web.Http.Filters; Level: Info; Kind: End; Operator: AllawIpToConnectAttribute; Operation: OnAuthorizationAsync; Status: 0; TimeStamp: 8/17/2016 5:48:24 AM; Message: "No message"; Exception: 
2016-08-17 08:48:24,632 [8] INFO  POST http://localhost:12345/api/PasswordChanger/ChangePassword: Category: System.Web.Http.ModelBinding; Level: Info; Kind: Begin; Operator: HttpActionBinding; Operation: ExecuteBindingAsync; Status: 0; TimeStamp: 8/17/2016 5:48:24 AM; Message: "No message"; Exception: 
2016-08-17 08:48:24,635 [8] INFO  POST http://localhost:12345/api/PasswordChanger/ChangePassword: Category: System.Web.Http.ModelBinding; Level: Info; Kind: Begin; Operator: FormatterParameterBinding; Operation: ExecuteBindingAsync; Status: 0; TimeStamp: 8/17/2016 5:48:24 AM; Message: Binding parameter 'user'; Exception: 
2016-08-17 08:48:24,645 [8] INFO  No method No Uri: Category: System.Net.Http.Formatting; Level: Info; Kind: Begin; Operator: JsonMediaTypeFormatter; Operation: ReadFromStreamAsync; Status: 0; TimeStamp: 8/17/2016 5:48:24 AM; Message: Type='UsersDataDto', content-type='application/json'; Exception: 
2016-08-17 08:48:24,742 [8] INFO  No method No Uri: Category: System.Net.Http.Formatting; Level: Info; Kind: End; Operator: JsonMediaTypeFormatter; Operation: ReadFromStreamAsync; Status: 0; TimeStamp: 8/17/2016 5:48:24 AM; Message: Value read='PasswordChanger.Application.Dto.UsersDataDto'; Exception: 
2016-08-17 08:48:24,769 [8] ERROR POST http://localhost:12345/api/PasswordChanger/ChangePassword: Category: System.Web.Http.ModelBinding; Level: Error; Kind: End; Operator: FormatterParameterBinding; Operation: ExecuteBindingAsync; Status: 0; TimeStamp: 8/17/2016 5:48:24 AM; Message: "No message"; Exception: parsing "(^ (?=.*\d)(?=.*[a-z])(?=.*[A-Z]).{8,32}$)?(^(?=.*\d)(?=.*[a-z])(?=.*[@#$%^&+=]).{8,32}$)?(^(?=.*\d)(?=.*[A-Z])(?=.*[@#$%^&+=]).{8,32}$)?(^(?=.*[a-z])(?=.*[A-Z])(?=.*[@#$%^&+=]).{8,32}$)?)" - Too many )'s.   at System.Text.RegularExpressions.RegexParser.ScanRegex()
   at System.Text.RegularExpressions.RegexParser.Parse(String re, RegexOptions op)
   at System.Text.RegularExpressions.Regex..ctor(String pattern, RegexOptions options, TimeSpan matchTimeout, Boolean useCache)
   at System.Text.RegularExpressions.Regex..ctor(String pattern)
   at System.ComponentModel.DataAnnotations.RegularExpressionAttribute.SetupRegex()
   at System.ComponentModel.DataAnnotations.RegularExpressionAttribute.IsValid(Object value)
   at System.ComponentModel.DataAnnotations.ValidationAttribute.IsValid(Object value, ValidationContext validationContext)
   at System.ComponentModel.DataAnnotations.ValidationAttribute.GetValidationResult(Object value, ValidationContext validationContext)
   at System.Web.Http.Validation.Validators.DataAnnotationsModelValidator.Validate(ModelMetadata metadata, Object container)
   at System.Web.Http.Validation.DefaultBodyModelValidator.ShallowValidate(ModelMetadata metadata, ValidationContext validationContext, Object container, IEnumerable`1 validators)
   at System.Web.Http.Validation.DefaultBodyModelValidator.ValidateNodeAndChildren(ModelMetadata metadata, ValidationContext validationContext, Object container, IEnumerable`1 validators)
   at System.Web.Http.Validation.DefaultBodyModelValidator.ValidateProperties(ModelMetadata metadata, ValidationContext validationContext)
   at System.Web.Http.Validation.DefaultBodyModelValidator.ValidateNodeAndChildren(ModelMetadata metadata, ValidationContext validationContext, Object container, IEnumerable`1 validators)
   at System.Web.Http.Validation.DefaultBodyModelValidator.Validate(Object model, Type type, ModelMetadataProvider metadataProvider, HttpActionContext actionContext, String keyPrefix)
   at System.Web.Http.ModelBinding.FormatterParameterBinding.<ExecuteBindingAsyncCore>d__0.MoveNext()
--- End of stack trace from previous location where exception was thrown ---
   at System.Runtime.CompilerServices.TaskAwaiter.ThrowForNonSuccess(Task task)
   at System.Runtime.CompilerServices.TaskAwaiter.HandleNonSuccessAndDebuggerNotification(Task task)
   at System.Web.Http.Tracing.ITraceWriterExtensions.<TraceBeginEndAsyncCore>d__24.MoveNext()
2016-08-17 08:48:24,771 [8] ERROR POST http://localhost:12345/api/PasswordChanger/ChangePassword: Category: System.Web.Http.ModelBinding; Level: Error; Kind: End; Operator: HttpActionBinding; Operation: ExecuteBindingAsync; Status: 0; TimeStamp: 8/17/2016 5:48:24 AM; Message: "No message"; Exception: parsing "(^ (?=.*\d)(?=.*[a-z])(?=.*[A-Z]).{8,32}$)?(^(?=.*\d)(?=.*[a-z])(?=.*[@#$%^&+=]).{8,32}$)?(^(?=.*\d)(?=.*[A-Z])(?=.*[@#$%^&+=]).{8,32}$)?(^(?=.*[a-z])(?=.*[A-Z])(?=.*[@#$%^&+=]).{8,32}$)?)" - Too many )'s.   at System.Text.RegularExpressions.RegexParser.ScanRegex()
   at System.Text.RegularExpressions.RegexParser.Parse(String re, RegexOptions op)
   at System.Text.RegularExpressions.Regex..ctor(String pattern, RegexOptions options, TimeSpan matchTimeout, Boolean useCache)
   at System.Text.RegularExpressions.Regex..ctor(String pattern)
   at System.ComponentModel.DataAnnotations.RegularExpressionAttribute.SetupRegex()
   at System.ComponentModel.DataAnnotations.RegularExpressionAttribute.IsValid(Object value)
   at System.ComponentModel.DataAnnotations.ValidationAttribute.IsValid(Object value, ValidationContext validationContext)
   at System.ComponentModel.DataAnnotations.ValidationAttribute.GetValidationResult(Object value, ValidationContext validationContext)
   at System.Web.Http.Validation.Validators.DataAnnotationsModelValidator.Validate(ModelMetadata metadata, Object container)
   at System.Web.Http.Validation.DefaultBodyModelValidator.ShallowValidate(ModelMetadata metadata, ValidationContext validationContext, Object container, IEnumerable`1 validators)
   at System.Web.Http.Validation.DefaultBodyModelValidator.ValidateNodeAndChildren(ModelMetadata metadata, ValidationContext validationContext, Object container, IEnumerable`1 validators)
   at System.Web.Http.Validation.DefaultBodyModelValidator.ValidateProperties(ModelMetadata metadata, ValidationContext validationContext)
   at System.Web.Http.Validation.DefaultBodyModelValidator.ValidateNodeAndChildren(ModelMetadata metadata, ValidationContext validationContext, Object container, IEnumerable`1 validators)
   at System.Web.Http.Validation.DefaultBodyModelValidator.Validate(Object model, Type type, ModelMetadataProvider metadataProvider, HttpActionContext actionContext, String keyPrefix)
   at System.Web.Http.ModelBinding.FormatterParameterBinding.<ExecuteBindingAsyncCore>d__0.MoveNext()
--- End of stack trace from previous location where exception was thrown ---
   at System.Runtime.CompilerServices.TaskAwaiter.ThrowForNonSuccess(Task task)
   at System.Runtime.CompilerServices.TaskAwaiter.HandleNonSuccessAndDebuggerNotification(Task task)
   at System.Web.Http.Tracing.ITraceWriterExtensions.<TraceBeginEndAsyncCore>d__24.MoveNext()
--- End of stack trace from previous location where exception was thrown ---
   at System.Runtime.CompilerServices.TaskAwaiter.ThrowForNonSuccess(Task task)
   at System.Runtime.CompilerServices.TaskAwaiter.HandleNonSuccessAndDebuggerNotification(Task task)
   at System.Web.Http.Controllers.HttpActionBinding.<ExecuteBindingAsyncCore>d__0.MoveNext()
--- End of stack trace from previous location where exception was thrown ---
   at System.Runtime.CompilerServices.TaskAwaiter.ThrowForNonSuccess(Task task)
   at System.Runtime.CompilerServices.TaskAwaiter.HandleNonSuccessAndDebuggerNotification(Task task)
   at System.Web.Http.Tracing.ITraceWriterExtensions.<TraceBeginEndAsyncCore>d__24.MoveNext()
2016-08-17 08:48:24,776 [8] INFO  POST http://localhost:12345/api/PasswordChanger/ChangePassword: Category: System.Web.Http.Filters; Level: Info; Kind: Begin; Operator: HandleErrorAttribute; Operation: OnExceptionAsync; Status: 0; TimeStamp: 8/17/2016 5:48:24 AM; Message: "No message"; Exception: 
2016-08-17 08:48:24,781 [8] ERROR POST http://localhost:12345/api/PasswordChanger/ChangePassword: Category: System.Web.Http.Filters; Level: Error; Kind: End; Operator: HandleErrorAttribute; Operation: OnExceptionAsync; Status: 0; TimeStamp: 8/17/2016 5:48:24 AM; Message: "No message"; Exception: parsing "(^ (?=.*\d)(?=.*[a-z])(?=.*[A-Z]).{8,32}$)?(^(?=.*\d)(?=.*[a-z])(?=.*[@#$%^&+=]).{8,32}$)?(^(?=.*\d)(?=.*[A-Z])(?=.*[@#$%^&+=]).{8,32}$)?(^(?=.*[a-z])(?=.*[A-Z])(?=.*[@#$%^&+=]).{8,32}$)?)" - Too many )'s.   at System.Text.RegularExpressions.RegexParser.ScanRegex()
   at System.Text.RegularExpressions.RegexParser.Parse(String re, RegexOptions op)
   at System.Text.RegularExpressions.Regex..ctor(String pattern, RegexOptions options, TimeSpan matchTimeout, Boolean useCache)
   at System.Text.RegularExpressions.Regex..ctor(String pattern)
   at System.ComponentModel.DataAnnotations.RegularExpressionAttribute.SetupRegex()
   at System.ComponentModel.DataAnnotations.RegularExpressionAttribute.IsValid(Object value)
   at System.ComponentModel.DataAnnotations.ValidationAttribute.IsValid(Object value, ValidationContext validationContext)
   at System.ComponentModel.DataAnnotations.ValidationAttribute.GetValidationResult(Object value, ValidationContext validationContext)
   at System.Web.Http.Validation.Validators.DataAnnotationsModelValidator.Validate(ModelMetadata metadata, Object container)
   at System.Web.Http.Validation.DefaultBodyModelValidator.ShallowValidate(ModelMetadata metadata, ValidationContext validationContext, Object container, IEnumerable`1 validators)
   at System.Web.Http.Validation.DefaultBodyModelValidator.ValidateNodeAndChildren(ModelMetadata metadata, ValidationContext validationContext, Object container, IEnumerable`1 validators)
   at System.Web.Http.Validation.DefaultBodyModelValidator.ValidateProperties(ModelMetadata metadata, ValidationContext validationContext)
   at System.Web.Http.Validation.DefaultBodyModelValidator.ValidateNodeAndChildren(ModelMetadata metadata, ValidationContext validationContext, Object container, IEnumerable`1 validators)
   at System.Web.Http.Validation.DefaultBodyModelValidator.Validate(Object model, Type type, ModelMetadataProvider metadataProvider, HttpActionContext actionContext, String keyPrefix)
   at System.Web.Http.ModelBinding.FormatterParameterBinding.<ExecuteBindingAsyncCore>d__0.MoveNext()
--- End of stack trace from previous location where exception was thrown ---
   at System.Runtime.CompilerServices.TaskAwaiter.ThrowForNonSuccess(Task task)
   at System.Runtime.CompilerServices.TaskAwaiter.HandleNonSuccessAndDebuggerNotification(Task task)
   at System.Web.Http.Tracing.ITraceWriterExtensions.<TraceBeginEndAsyncCore>d__24.MoveNext()
--- End of stack trace from previous location where exception was thrown ---
   at System.Runtime.CompilerServices.TaskAwaiter.ThrowForNonSuccess(Task task)
   at System.Runtime.CompilerServices.TaskAwaiter.HandleNonSuccessAndDebuggerNotification(Task task)
   at System.Web.Http.Controllers.HttpActionBinding.<ExecuteBindingAsyncCore>d__0.MoveNext()
--- End of stack trace from previous location where exception was thrown ---
   at System.Runtime.CompilerServices.TaskAwaiter.ThrowForNonSuccess(Task task)
   at System.Runtime.CompilerServices.TaskAwaiter.HandleNonSuccessAndDebuggerNotification(Task task)
   at System.Web.Http.Tracing.ITraceWriterExtensions.<TraceBeginEndAsyncCore>d__24.MoveNext()
--- End of stack trace from previous location where exception was thrown ---
   at System.Runtime.CompilerServices.TaskAwaiter.ThrowForNonSuccess(Task task)
   at System.Runtime.CompilerServices.TaskAwaiter.HandleNonSuccessAndDebuggerNotification(Task task)
   at System.Web.Http.Controllers.ActionFilterResult.<ExecuteAsync>d__2.MoveNext()
--- End of stack trace from previous location where exception was thrown ---
   at System.Runtime.CompilerServices.TaskAwaiter.ThrowForNonSuccess(Task task)
   at System.Runtime.CompilerServices.TaskAwaiter.HandleNonSuccessAndDebuggerNotification(Task task)
   at System.Web.Http.Filters.AuthorizationFilterAttribute.<ExecuteAuthorizationFilterAsyncCore>d__2.MoveNext()
--- End of stack trace from previous location where exception was thrown ---
   at System.Runtime.CompilerServices.TaskAwaiter.ThrowForNonSuccess(Task task)
   at System.Runtime.CompilerServices.TaskAwaiter.HandleNonSuccessAndDebuggerNotification(Task task)
   at System.Web.Http.Controllers.ExceptionFilterResult.<ExecuteAsync>d__0.MoveNext()
2016-08-17 08:48:24,785 [8] ERROR POST http://localhost:12345/api/PasswordChanger/ChangePassword: Category: System.Web.Http.Controllers; Level: Error; Kind: End; Operator: PasswordChangerController; Operation: ExecuteAsync; Status: 0; TimeStamp: 8/17/2016 5:48:24 AM; Message: "No message"; Exception: parsing "(^ (?=.*\d)(?=.*[a-z])(?=.*[A-Z]).{8,32}$)?(^(?=.*\d)(?=.*[a-z])(?=.*[@#$%^&+=]).{8,32}$)?(^(?=.*\d)(?=.*[A-Z])(?=.*[@#$%^&+=]).{8,32}$)?(^(?=.*[a-z])(?=.*[A-Z])(?=.*[@#$%^&+=]).{8,32}$)?)" - Too many )'s.   at System.Text.RegularExpressions.RegexParser.ScanRegex()
   at System.Text.RegularExpressions.RegexParser.Parse(String re, RegexOptions op)
   at System.Text.RegularExpressions.Regex..ctor(String pattern, RegexOptions options, TimeSpan matchTimeout, Boolean useCache)
   at System.Text.RegularExpressions.Regex..ctor(String pattern)
   at System.ComponentModel.DataAnnotations.RegularExpressionAttribute.SetupRegex()
   at System.ComponentModel.DataAnnotations.RegularExpressionAttribute.IsValid(Object value)
   at System.ComponentModel.DataAnnotations.ValidationAttribute.IsValid(Object value, ValidationContext validationContext)
   at System.ComponentModel.DataAnnotations.ValidationAttribute.GetValidationResult(Object value, ValidationContext validationContext)
   at System.Web.Http.Validation.Validators.DataAnnotationsModelValidator.Validate(ModelMetadata metadata, Object container)
   at System.Web.Http.Validation.DefaultBodyModelValidator.ShallowValidate(ModelMetadata metadata, ValidationContext validationContext, Object container, IEnumerable`1 validators)
   at System.Web.Http.Validation.DefaultBodyModelValidator.ValidateNodeAndChildren(ModelMetadata metadata, ValidationContext validationContext, Object container, IEnumerable`1 validators)
   at System.Web.Http.Validation.DefaultBodyModelValidator.ValidateProperties(ModelMetadata metadata, ValidationContext validationContext)
   at System.Web.Http.Validation.DefaultBodyModelValidator.ValidateNodeAndChildren(ModelMetadata metadata, ValidationContext validationContext, Object container, IEnumerable`1 validators)
   at System.Web.Http.Validation.DefaultBodyModelValidator.Validate(Object model, Type type, ModelMetadataProvider metadataProvider, HttpActionContext actionContext, String keyPrefix)
   at System.Web.Http.ModelBinding.FormatterParameterBinding.<ExecuteBindingAsyncCore>d__0.MoveNext()
--- End of stack trace from previous location where exception was thrown ---
   at System.Runtime.CompilerServices.TaskAwaiter.ThrowForNonSuccess(Task task)
   at System.Runtime.CompilerServices.TaskAwaiter.HandleNonSuccessAndDebuggerNotification(Task task)
   at System.Web.Http.Tracing.ITraceWriterExtensions.<TraceBeginEndAsyncCore>d__24.MoveNext()
--- End of stack trace from previous location where exception was thrown ---
   at System.Runtime.CompilerServices.TaskAwaiter.ThrowForNonSuccess(Task task)
   at System.Runtime.CompilerServices.TaskAwaiter.HandleNonSuccessAndDebuggerNotification(Task task)
   at System.Web.Http.Controllers.HttpActionBinding.<ExecuteBindingAsyncCore>d__0.MoveNext()
--- End of stack trace from previous location where exception was thrown ---
   at System.Runtime.CompilerServices.TaskAwaiter.ThrowForNonSuccess(Task task)
   at System.Runtime.CompilerServices.TaskAwaiter.HandleNonSuccessAndDebuggerNotification(Task task)
   at System.Web.Http.Tracing.ITraceWriterExtensions.<TraceBeginEndAsyncCore>d__24.MoveNext()
--- End of stack trace from previous location where exception was thrown ---
   at System.Runtime.CompilerServices.TaskAwaiter.ThrowForNonSuccess(Task task)
   at System.Runtime.CompilerServices.TaskAwaiter.HandleNonSuccessAndDebuggerNotification(Task task)
   at System.Web.Http.Controllers.ActionFilterResult.<ExecuteAsync>d__2.MoveNext()
--- End of stack trace from previous location where exception was thrown ---
   at System.Runtime.CompilerServices.TaskAwaiter.ThrowForNonSuccess(Task task)
   at System.Runtime.CompilerServices.TaskAwaiter.HandleNonSuccessAndDebuggerNotification(Task task)
   at System.Web.Http.Filters.AuthorizationFilterAttribute.<ExecuteAuthorizationFilterAsyncCore>d__2.MoveNext()
--- End of stack trace from previous location where exception was thrown ---
   at System.Runtime.CompilerServices.TaskAwaiter.ThrowForNonSuccess(Task task)
   at System.Runtime.CompilerServices.TaskAwaiter.HandleNonSuccessAndDebuggerNotification(Task task)
   at System.Web.Http.Controllers.ExceptionFilterResult.<ExecuteAsync>d__0.MoveNext()
--- End of stack trace from previous location where exception was thrown ---
   at System.Web.Http.Controllers.ExceptionFilterResult.<ExecuteAsync>d__0.MoveNext()
--- End of stack trace from previous location where exception was thrown ---
   at System.Runtime.CompilerServices.TaskAwaiter.ThrowForNonSuccess(Task task)
   at System.Runtime.CompilerServices.TaskAwaiter.HandleNonSuccessAndDebuggerNotification(Task task)
   at System.Web.Http.Tracing.Tracers.HttpControllerTracer.<ExecuteAsyncCore>d__5.MoveNext()
--- End of stack trace from previous location where exception was thrown ---
   at System.Runtime.CompilerServices.TaskAwaiter.ThrowForNonSuccess(Task task)
   at System.Runtime.CompilerServices.TaskAwaiter.HandleNonSuccessAndDebuggerNotification(Task task)
   at System.Web.Http.Tracing.ITraceWriterExtensions.<TraceBeginEndAsyncCore>d__18`1.MoveNext()
2016-08-17 08:48:24,790 [8] INFO  POST http://localhost:12345/api/PasswordChanger/ChangePassword: Category: System.Net.Http.Formatting; Level: Info; Kind: Begin; Operator: DefaultContentNegotiator; Operation: Negotiate; Status: 0; TimeStamp: 8/17/2016 5:48:24 AM; Message: Type='HttpError', formatters=[JsonMediaTypeFormatterTracer, XmlMediaTypeFormatterTracer, FormUrlEncodedMediaTypeFormatterTracer, FormUrlEncodedMediaTypeFormatterTracer]; Exception: 
2016-08-17 08:48:24,792 [8] INFO  POST http://localhost:12345/api/PasswordChanger/ChangePassword: Category: System.Net.Http.Formatting; Level: Info; Kind: Begin; Operator: JsonMediaTypeFormatter; Operation: GetPerRequestFormatterInstance; Status: 0; TimeStamp: 8/17/2016 5:48:24 AM; Message: Obtaining formatter of type 'JsonMediaTypeFormatter' for type='HttpError', mediaType='application/json; charset=utf-8'; Exception: 
2016-08-17 08:48:24,793 [8] INFO  POST http://localhost:12345/api/PasswordChanger/ChangePassword: Category: System.Net.Http.Formatting; Level: Info; Kind: End; Operator: JsonMediaTypeFormatter; Operation: GetPerRequestFormatterInstance; Status: 0; TimeStamp: 8/17/2016 5:48:24 AM; Message: Will use same 'JsonMediaTypeFormatter' formatter; Exception: 
2016-08-17 08:48:24,794 [8] INFO  POST http://localhost:12345/api/PasswordChanger/ChangePassword: Category: System.Net.Http.Formatting; Level: Info; Kind: End; Operator: DefaultContentNegotiator; Operation: Negotiate; Status: 0; TimeStamp: 8/17/2016 5:48:24 AM; Message: Selected formatter='JsonMediaTypeFormatter', content-type='application/json; charset=utf-8'; Exception: 
2016-08-17 08:48:24,796 [10] INFO  POST http://localhost:12345/api/PasswordChanger/ChangePassword: Category: System.Net.Http.Formatting; Level: Info; Kind: Begin; Operator: JsonMediaTypeFormatter; Operation: WriteToStreamAsync; Status: 0; TimeStamp: 8/17/2016 5:48:24 AM; Message: Value='System.Web.Http.HttpError', type='HttpError', content-type='application/json; charset=utf-8'; Exception: 
2016-08-17 08:48:24,830 [10] INFO  POST http://localhost:12345/api/PasswordChanger/ChangePassword: Category: System.Net.Http.Formatting; Level: Info; Kind: End; Operator: JsonMediaTypeFormatter; Operation: WriteToStreamAsync; Status: 0; TimeStamp: 8/17/2016 5:48:24 AM; Message: "No message"; Exception: 
2016-08-17 08:48:24,843 [10] INFO  RESPONSE BODY: Response: StatusCode: 500, ReasonPhrase: 'Internal Server Error', Version: 1.1, Content: System.Net.Http.ObjectContent`1[[System.Web.Http.HttpError, System.Web.Http, Version=5.2.3.0, Culture=neutral, PublicKeyToken=31bf3856ad364e35]], Headers:	{	  Content-Type: application/json; charset=utf-8	}; DetailContent:{"Message":"An error has occurred.","ExceptionMessage":"parsing \"(^ (?=.*\\d)(?=.*[a-z])(?=.*[A-Z]).{8,32}$)?(^(?=.*\\d)(?=.*[a-z])(?=.*[@#$%^&+=]).{8,32}$)?(^(?=.*\\d)(?=.*[A-Z])(?=.*[@#$%^&+=]).{8,32}$)?(^(?=.*[a-z])(?=.*[A-Z])(?=.*[@#$%^&+=]).{8,32}$)?)\" - Too many )'s.","ExceptionType":"System.ArgumentException","StackTrace":"   at System.Text.RegularExpressions.RegexParser.ScanRegex()\r\n   at System.Text.RegularExpressions.RegexParser.Parse(String re, RegexOptions op)\r\n   at System.Text.RegularExpressions.Regex..ctor(String pattern, RegexOptions options, TimeSpan matchTimeout, Boolean useCache)\r\n   at System.Text.RegularExpressions.Regex..ctor(String pattern)\r\n   at System.ComponentModel.DataAnnotations.RegularExpressionAttribute.SetupRegex()\r\n   at System.ComponentModel.DataAnnotations.RegularExpressionAttribute.IsValid(Object value)\r\n   at System.ComponentModel.DataAnnotations.ValidationAttribute.IsValid(Object value, ValidationContext validationContext)\r\n   at System.ComponentModel.DataAnnotations.ValidationAttribute.GetValidationResult(Object value, ValidationContext validationContext)\r\n   at System.Web.Http.Validation.Validators.DataAnnotationsModelValidator.Validate(ModelMetadata metadata, Object container)\r\n   at System.Web.Http.Validation.DefaultBodyModelValidator.ShallowValidate(ModelMetadata metadata, ValidationContext validationContext, Object container, IEnumerable`1 validators)\r\n   at System.Web.Http.Validation.DefaultBodyModelValidator.ValidateNodeAndChildren(ModelMetadata metadata, ValidationContext validationContext, Object container, IEnumerable`1 validators)\r\n   at System.Web.Http.Validation.DefaultBodyModelValidator.ValidateProperties(ModelMetadata metadata, ValidationContext validationContext)\r\n   at System.Web.Http.Validation.DefaultBodyModelValidator.ValidateNodeAndChildren(ModelMetadata metadata, ValidationContext validationContext, Object container, IEnumerable`1 validators)\r\n   at System.Web.Http.Validation.DefaultBodyModelValidator.Validate(Object model, Type type, ModelMetadataProvider metadataProvider, HttpActionContext actionContext, String keyPrefix)\r\n   at System.Web.Http.ModelBinding.FormatterParameterBinding.<ExecuteBindingAsyncCore>d__0.MoveNext()\r\n--- End of stack trace from previous location where exception was thrown ---\r\n   at System.Runtime.CompilerServices.TaskAwaiter.ThrowForNonSuccess(Task task)\r\n   at System.Runtime.CompilerServices.TaskAwaiter.HandleNonSuccessAndDebuggerNotification(Task task)\r\n   at System.Web.Http.Tracing.ITraceWriterExtensions.<TraceBeginEndAsyncCore>d__24.MoveNext()\r\n--- End of stack trace from previous location where exception was thrown ---\r\n   at System.Runtime.CompilerServices.TaskAwaiter.ThrowForNonSuccess(Task task)\r\n   at System.Runtime.CompilerServices.TaskAwaiter.HandleNonSuccessAndDebuggerNotification(Task task)\r\n   at System.Web.Http.Controllers.HttpActionBinding.<ExecuteBindingAsyncCore>d__0.MoveNext()\r\n--- End of stack trace from previous location where exception was thrown ---\r\n   at System.Runtime.CompilerServices.TaskAwaiter.ThrowForNonSuccess(Task task)\r\n   at System.Runtime.CompilerServices.TaskAwaiter.HandleNonSuccessAndDebuggerNotification(Task task)\r\n   at System.Web.Http.Tracing.ITraceWriterExtensions.<TraceBeginEndAsyncCore>d__24.MoveNext()\r\n--- End of stack trace from previous location where exception was thrown ---\r\n   at System.Runtime.CompilerServices.TaskAwaiter.ThrowForNonSuccess(Task task)\r\n   at System.Runtime.CompilerServices.TaskAwaiter.HandleNonSuccessAndDebuggerNotification(Task task)\r\n   at System.Web.Http.Controllers.ActionFilterResult.<ExecuteAsync>d__2.MoveNext()\r\n--- End of stack trace from previous location where exception was thrown ---\r\n   at System.Runtime.CompilerServices.TaskAwaiter.ThrowForNonSuccess(Task task)\r\n   at System.Runtime.CompilerServices.TaskAwaiter.HandleNonSuccessAndDebuggerNotification(Task task)\r\n   at System.Web.Http.Filters.AuthorizationFilterAttribute.<ExecuteAuthorizationFilterAsyncCore>d__2.MoveNext()\r\n--- End of stack trace from previous location where exception was thrown ---\r\n   at System.Runtime.CompilerServices.TaskAwaiter.ThrowForNonSuccess(Task task)\r\n   at System.Runtime.CompilerServices.TaskAwaiter.HandleNonSuccessAndDebuggerNotification(Task task)\r\n   at System.Web.Http.Controllers.ExceptionFilterResult.<ExecuteAsync>d__0.MoveNext()\r\n--- End of stack trace from previous location where exception was thrown ---\r\n   at System.Web.Http.Controllers.ExceptionFilterResult.<ExecuteAsync>d__0.MoveNext()\r\n--- End of stack trace from previous location where exception was thrown ---\r\n   at System.Runtime.CompilerServices.TaskAwaiter.ThrowForNonSuccess(Task task)\r\n   at System.Runtime.CompilerServices.TaskAwaiter.HandleNonSuccessAndDebuggerNotification(Task task)\r\n   at System.Web.Http.Tracing.Tracers.HttpControllerTracer.<ExecuteAsyncCore>d__5.MoveNext()\r\n--- End of stack trace from previous location where exception was thrown ---\r\n   at System.Runtime.CompilerServices.TaskAwaiter.ThrowForNonSuccess(Task task)\r\n   at System.Runtime.CompilerServices.TaskAwaiter.HandleNonSuccessAndDebuggerNotification(Task task)\r\n   at System.Web.Http.Tracing.ITraceWriterExtensions.<TraceBeginEndAsyncCore>d__18`1.MoveNext()\r\n--- End of stack trace from previous location where exception was thrown ---\r\n   at System.Runtime.CompilerServices.TaskAwaiter.ThrowForNonSuccess(Task task)\r\n   at System.Runtime.CompilerServices.TaskAwaiter.HandleNonSuccessAndDebuggerNotification(Task task)\r\n   at System.Web.Http.Dispatcher.HttpControllerDispatcher.<SendAsync>d__1.MoveNext()"}
2016-08-17 08:48:24,844 [10] INFO  POST http://localhost:12345/api/PasswordChanger/ChangePassword: Category: System.Web.Http.MessageHandlers; Level: Info; Kind: End; Operator: LogRequestAndResponseHandler; Operation: SendAsync; Status: InternalServerError; TimeStamp: 8/17/2016 5:48:24 AM; Message: "No message"; Exception: 
2016-08-17 08:48:24,846 [10] INFO  POST http://localhost:12345/api/PasswordChanger/ChangePassword: Category: System.Web.Http.Request; Level: Info; Kind: End; Operator: ; Operation: ; Status: InternalServerError; TimeStamp: 8/17/2016 5:48:24 AM; Message: Content-type='application/json; charset=utf-8', content-length=5690; Exception: 
2016-08-17 08:48:24,849 [8] INFO  POST http://localhost:12345/api/PasswordChanger/ChangePassword: Category: System.Web.Http.Controllers; Level: Info; Kind: Begin; Operator: PasswordChangerController; Operation: Dispose; Status: 0; TimeStamp: 8/17/2016 5:48:24 AM; Message: "No message"; Exception: 
2016-08-17 08:48:24,850 [8] INFO  POST http://localhost:12345/api/PasswordChanger/ChangePassword: Category: System.Web.Http.Controllers; Level: Info; Kind: End; Operator: PasswordChangerController; Operation: Dispose; Status: 0; TimeStamp: 8/17/2016 5:48:24 AM; Message: "No message"; Exception: 
2016-08-17 08:54:33,953 [12] INFO  GET http://localhost:12345/api/Tests/GetTest: Category: System.Web.Http.Request; Level: Info; Kind: Begin; Operator: ; Operation: ; Status: 0; TimeStamp: 8/17/2016 5:54:33 AM; Message: http://localhost:12345/api/Tests/GetTest; Exception: 
2016-08-17 08:54:33,964 [12] INFO  GET http://localhost:12345/api/Tests/GetTest: Category: System.Web.Http.MessageHandlers; Level: Info; Kind: Begin; Operator: LogRequestAndResponseHandler; Operation: SendAsync; Status: 0; TimeStamp: 8/17/2016 5:54:33 AM; Message: "No message"; Exception: 
2016-08-17 08:54:33,969 [12] INFO  REQUEST BODY: Request: Method: GET, RequestUri: 'http://localhost:12345/api/Tests/GetTest', Version: 1.1, Content: System.Net.Http.ByteArrayContent, Headers:	{	  Connection: Keep-Alive	  Accept: application/json	  Host: localhost:12345	}; UserHostAddress: ::1; DetailContent: 
2016-08-17 08:54:33,984 [12] INFO  GET http://localhost:12345/api/Tests/GetTest: Category: System.Web.Http.Controllers; Level: Info; Kind: Begin; Operator: DefaultHttpControllerSelector; Operation: SelectController; Status: 0; TimeStamp: 8/17/2016 5:54:33 AM; Message: Route='controller:Tests,action:GetTest'; Exception: 
2016-08-17 08:54:33,990 [12] DEBUG No method No Uri: Category: System.Web.Http.Controllers; Level: Debug; Kind: Begin; Operator: DefaultHttpControllerTypeResolver; Operation: GetControllerTypes; Status: 0; TimeStamp: 8/17/2016 5:54:33 AM; Message: "No message"; Exception: 
2016-08-17 08:54:34,697 [12] DEBUG No method No Uri: Category: System.Web.Http.Controllers; Level: Debug; Kind: End; Operator: DefaultHttpControllerTypeResolver; Operation: GetControllerTypes; Status: 0; TimeStamp: 8/17/2016 5:54:34 AM; Message: "No message"; Exception: 
2016-08-17 08:54:34,701 [12] INFO  GET http://localhost:12345/api/Tests/GetTest: Category: System.Web.Http.Controllers; Level: Info; Kind: End; Operator: DefaultHttpControllerSelector; Operation: SelectController; Status: 0; TimeStamp: 8/17/2016 5:54:34 AM; Message: Tests; Exception: 
2016-08-17 08:54:34,703 [12] INFO  GET http://localhost:12345/api/Tests/GetTest: Category: System.Web.Http.Controllers; Level: Info; Kind: Begin; Operator: HttpControllerDescriptor; Operation: CreateController; Status: 0; TimeStamp: 8/17/2016 5:54:34 AM; Message: "No message"; Exception: 
2016-08-17 08:54:34,704 [12] INFO  GET http://localhost:12345/api/Tests/GetTest: Category: System.Web.Http.Controllers; Level: Info; Kind: Begin; Operator: DefaultHttpControllerActivator; Operation: Create; Status: 0; TimeStamp: 8/17/2016 5:54:34 AM; Message: "No message"; Exception: 
2016-08-17 08:54:34,715 [12] INFO  GET http://localhost:12345/api/Tests/GetTest: Category: System.Web.Http.Controllers; Level: Info; Kind: End; Operator: DefaultHttpControllerActivator; Operation: Create; Status: 0; TimeStamp: 8/17/2016 5:54:34 AM; Message: PasswordChanger.WebApiService.Controllers.TestsController; Exception: 
2016-08-17 08:54:34,717 [12] INFO  GET http://localhost:12345/api/Tests/GetTest: Category: System.Web.Http.Controllers; Level: Info; Kind: End; Operator: HttpControllerDescriptor; Operation: CreateController; Status: 0; TimeStamp: 8/17/2016 5:54:34 AM; Message: PasswordChanger.WebApiService.Controllers.TestsController; Exception: 
2016-08-17 08:54:34,718 [12] INFO  GET http://localhost:12345/api/Tests/GetTest: Category: System.Web.Http.Controllers; Level: Info; Kind: Begin; Operator: TestsController; Operation: ExecuteAsync; Status: 0; TimeStamp: 8/17/2016 5:54:34 AM; Message: "No message"; Exception: 
2016-08-17 08:54:34,722 [12] INFO  GET http://localhost:12345/api/Tests/GetTest: Category: System.Web.Http.Action; Level: Info; Kind: Begin; Operator: ApiControllerActionSelector; Operation: SelectAction; Status: 0; TimeStamp: 8/17/2016 5:54:34 AM; Message: "No message"; Exception: 
2016-08-17 08:54:34,748 [12] INFO  GET http://localhost:12345/api/Tests/GetTest: Category: System.Web.Http.Action; Level: Info; Kind: End; Operator: ApiControllerActionSelector; Operation: SelectAction; Status: 0; TimeStamp: 8/17/2016 5:54:34 AM; Message: Selected action 'GetTest()'; Exception: 
2016-08-17 08:54:34,773 [12] INFO  GET http://localhost:12345/api/Tests/GetTest: Category: System.Web.Http.Filters; Level: Info; Kind: Begin; Operator: AllawIpToConnectAttribute; Operation: OnAuthorizationAsync; Status: 0; TimeStamp: 8/17/2016 5:54:34 AM; Message: "No message"; Exception: 
2016-08-17 08:54:34,995 [12] INFO  GET http://localhost:12345/api/Tests/GetTest: Category: System.Web.Http.Filters; Level: Info; Kind: End; Operator: AllawIpToConnectAttribute; Operation: OnAuthorizationAsync; Status: 0; TimeStamp: 8/17/2016 5:54:34 AM; Message: "No message"; Exception: 
2016-08-17 08:54:34,999 [12] INFO  GET http://localhost:12345/api/Tests/GetTest: Category: System.Web.Http.ModelBinding; Level: Info; Kind: Begin; Operator: HttpActionBinding; Operation: ExecuteBindingAsync; Status: 0; TimeStamp: 8/17/2016 5:54:34 AM; Message: "No message"; Exception: 
2016-08-17 08:54:35,003 [12] INFO  GET http://localhost:12345/api/Tests/GetTest: Category: System.Web.Http.ModelBinding; Level: Info; Kind: End; Operator: HttpActionBinding; Operation: ExecuteBindingAsync; Status: 0; TimeStamp: 8/17/2016 5:54:35 AM; Message: "No message"; Exception: 
2016-08-17 08:54:35,009 [12] INFO  GET http://localhost:12345/api/Tests/GetTest: Category: System.Web.Http.Filters; Level: Info; Kind: Begin; Operator: ValidateModelAttribute; Operation: OnActionExecutingAsync; Status: 0; TimeStamp: 8/17/2016 5:54:35 AM; Message: Action filter for 'GetTest()'; Exception: 
2016-08-17 08:54:35,012 [12] INFO  GET http://localhost:12345/api/Tests/GetTest: Category: System.Web.Http.Filters; Level: Info; Kind: End; Operator: ValidateModelAttribute; Operation: OnActionExecutingAsync; Status: 0; TimeStamp: 8/17/2016 5:54:35 AM; Message: "No message"; Exception: 
2016-08-17 08:54:35,017 [12] INFO  GET http://localhost:12345/api/Tests/GetTest: Category: System.Web.Http.Action; Level: Info; Kind: Begin; Operator: ApiControllerActionInvoker; Operation: InvokeActionAsync; Status: 0; TimeStamp: 8/17/2016 5:54:35 AM; Message: Action='GetTest()'; Exception: 
2016-08-17 08:54:35,021 [12] INFO  GET http://localhost:12345/api/Tests/GetTest: Category: System.Web.Http.Action; Level: Info; Kind: Begin; Operator: ReflectedHttpActionDescriptor; Operation: ExecuteAsync; Status: 0; TimeStamp: 8/17/2016 5:54:35 AM; Message: Invoking action 'GetTest()'; Exception: 
2016-08-17 08:54:35,032 [12] INFO  GET http://localhost:12345/api/Tests/GetTest: Category: System.Net.Http.Formatting; Level: Info; Kind: Begin; Operator: DefaultContentNegotiator; Operation: Negotiate; Status: 0; TimeStamp: 8/17/2016 5:54:35 AM; Message: Type='String', formatters=[JsonMediaTypeFormatterTracer, XmlMediaTypeFormatterTracer, FormUrlEncodedMediaTypeFormatterTracer, FormUrlEncodedMediaTypeFormatterTracer]; Exception: 
2016-08-17 08:54:35,049 [12] INFO  GET http://localhost:12345/api/Tests/GetTest: Category: System.Net.Http.Formatting; Level: Info; Kind: Begin; Operator: JsonMediaTypeFormatter; Operation: GetPerRequestFormatterInstance; Status: 0; TimeStamp: 8/17/2016 5:54:35 AM; Message: Obtaining formatter of type 'JsonMediaTypeFormatter' for type='String', mediaType='application/json; charset=utf-8'; Exception: 
2016-08-17 08:54:35,051 [12] INFO  GET http://localhost:12345/api/Tests/GetTest: Category: System.Net.Http.Formatting; Level: Info; Kind: End; Operator: JsonMediaTypeFormatter; Operation: GetPerRequestFormatterInstance; Status: 0; TimeStamp: 8/17/2016 5:54:35 AM; Message: Will use same 'JsonMediaTypeFormatter' formatter; Exception: 
2016-08-17 08:54:35,054 [12] INFO  GET http://localhost:12345/api/Tests/GetTest: Category: System.Net.Http.Formatting; Level: Info; Kind: End; Operator: DefaultContentNegotiator; Operation: Negotiate; Status: 0; TimeStamp: 8/17/2016 5:54:35 AM; Message: Selected formatter='JsonMediaTypeFormatter', content-type='application/json; charset=utf-8'; Exception: 
2016-08-17 08:54:35,061 [12] INFO  GET http://localhost:12345/api/Tests/GetTest: Category: System.Web.Http.Action; Level: Info; Kind: End; Operator: ReflectedHttpActionDescriptor; Operation: ExecuteAsync; Status: 0; TimeStamp: 8/17/2016 5:54:35 AM; Message: Action returned 'StatusCode: 200, ReasonPhrase: 'OK', Version: 1.1, Content: System.Net.Http.ObjectContent`1[[System.String, mscorlib, Version=4.0.0.0, Culture=neutral, PublicKeyToken=b77a5c561934e089]], Headers: {   Content-Type: application/json; charset=utf-8 }'; Exception: 
2016-08-17 08:54:35,063 [12] INFO  GET http://localhost:12345/api/Tests/GetTest: Category: System.Web.Http.Action; Level: Info; Kind: End; Operator: ApiControllerActionInvoker; Operation: InvokeActionAsync; Status: OK; TimeStamp: 8/17/2016 5:54:35 AM; Message: "No message"; Exception: 
2016-08-17 08:54:35,066 [12] INFO  GET http://localhost:12345/api/Tests/GetTest: Category: System.Web.Http.Filters; Level: Info; Kind: Begin; Operator: ValidateModelAttribute; Operation: OnActionExecutedAsync; Status: OK; TimeStamp: 8/17/2016 5:54:35 AM; Message: Action filter for 'GetTest()'; Exception: 
2016-08-17 08:54:35,068 [12] INFO  GET http://localhost:12345/api/Tests/GetTest: Category: System.Web.Http.Filters; Level: Info; Kind: End; Operator: ValidateModelAttribute; Operation: OnActionExecutedAsync; Status: OK; TimeStamp: 8/17/2016 5:54:35 AM; Message: "No message"; Exception: 
2016-08-17 08:54:35,069 [12] INFO  GET http://localhost:12345/api/Tests/GetTest: Category: System.Web.Http.Controllers; Level: Info; Kind: End; Operator: TestsController; Operation: ExecuteAsync; Status: OK; TimeStamp: 8/17/2016 5:54:35 AM; Message: "No message"; Exception: 
2016-08-17 08:54:35,072 [14] INFO  GET http://localhost:12345/api/Tests/GetTest: Category: System.Net.Http.Formatting; Level: Info; Kind: Begin; Operator: JsonMediaTypeFormatter; Operation: WriteToStreamAsync; Status: 0; TimeStamp: 8/17/2016 5:54:35 AM; Message: Value='Now everything is perfect!', type='String', content-type='application/json; charset=utf-8'; Exception: 
2016-08-17 08:54:35,145 [14] INFO  GET http://localhost:12345/api/Tests/GetTest: Category: System.Net.Http.Formatting; Level: Info; Kind: End; Operator: JsonMediaTypeFormatter; Operation: WriteToStreamAsync; Status: 0; TimeStamp: 8/17/2016 5:54:35 AM; Message: "No message"; Exception: 
2016-08-17 08:54:35,146 [14] INFO  RESPONSE BODY: Response: StatusCode: 200, ReasonPhrase: 'OK', Version: 1.1, Content: System.Net.Http.ObjectContent`1[[System.String, mscorlib, Version=4.0.0.0, Culture=neutral, PublicKeyToken=b77a5c561934e089]], Headers:	{	  Content-Type: application/json; charset=utf-8	}; DetailContent:"Now everything is perfect!"
2016-08-17 08:54:35,148 [14] INFO  GET http://localhost:12345/api/Tests/GetTest: Category: System.Web.Http.MessageHandlers; Level: Info; Kind: End; Operator: LogRequestAndResponseHandler; Operation: SendAsync; Status: OK; TimeStamp: 8/17/2016 5:54:35 AM; Message: "No message"; Exception: 
2016-08-17 08:54:35,149 [14] INFO  GET http://localhost:12345/api/Tests/GetTest: Category: System.Web.Http.Request; Level: Info; Kind: End; Operator: ; Operation: ; Status: OK; TimeStamp: 8/17/2016 5:54:35 AM; Message: Content-type='application/json; charset=utf-8', content-length=28; Exception: 
2016-08-17 08:54:35,183 [14] INFO  GET http://localhost:12345/api/Tests/GetTest: Category: System.Web.Http.Controllers; Level: Info; Kind: Begin; Operator: TestsController; Operation: Dispose; Status: 0; TimeStamp: 8/17/2016 5:54:35 AM; Message: "No message"; Exception: 
2016-08-17 08:54:35,184 [14] INFO  GET http://localhost:12345/api/Tests/GetTest: Category: System.Web.Http.Controllers; Level: Info; Kind: End; Operator: TestsController; Operation: Dispose; Status: 0; TimeStamp: 8/17/2016 5:54:35 AM; Message: "No message"; Exception: 
2016-08-17 08:54:42,090 [13] INFO  POST http://localhost:12345/api/PasswordChanger/ChangePassword: Category: System.Web.Http.Request; Level: Info; Kind: Begin; Operator: ; Operation: ; Status: 0; TimeStamp: 8/17/2016 5:54:42 AM; Message: http://localhost:12345/api/PasswordChanger/ChangePassword; Exception: 
2016-08-17 08:54:42,091 [13] INFO  POST http://localhost:12345/api/PasswordChanger/ChangePassword: Category: System.Web.Http.MessageHandlers; Level: Info; Kind: Begin; Operator: LogRequestAndResponseHandler; Operation: SendAsync; Status: 0; TimeStamp: 8/17/2016 5:54:42 AM; Message: "No message"; Exception: 
2016-08-17 08:54:42,093 [13] INFO  REQUEST BODY: Request: Method: POST, RequestUri: 'http://localhost:12345/api/PasswordChanger/ChangePassword', Version: 1.1, Content: System.Web.Http.SelfHost.Channels.HttpMessageEncoderFactory+HttpMessageEncoder+ByteArrayBufferManagerContent, Headers:	{	  Host: localhost:12345	  Content-Length: 82	  Content-Type: application/json	}; UserHostAddress: ::1; DetailContent: {	"UserName":"test1",	"CurrentPassword":"12345678",	"NewPassword":"12345678"	}
2016-08-17 08:54:42,093 [13] INFO  POST http://localhost:12345/api/PasswordChanger/ChangePassword: Category: System.Web.Http.Controllers; Level: Info; Kind: Begin; Operator: DefaultHttpControllerSelector; Operation: SelectController; Status: 0; TimeStamp: 8/17/2016 5:54:42 AM; Message: Route='controller:PasswordChanger,action:ChangePassword'; Exception: 
2016-08-17 08:54:42,094 [13] INFO  POST http://localhost:12345/api/PasswordChanger/ChangePassword: Category: System.Web.Http.Controllers; Level: Info; Kind: End; Operator: DefaultHttpControllerSelector; Operation: SelectController; Status: 0; TimeStamp: 8/17/2016 5:54:42 AM; Message: PasswordChanger; Exception: 
2016-08-17 08:54:42,095 [13] INFO  POST http://localhost:12345/api/PasswordChanger/ChangePassword: Category: System.Web.Http.Controllers; Level: Info; Kind: Begin; Operator: HttpControllerDescriptor; Operation: CreateController; Status: 0; TimeStamp: 8/17/2016 5:54:42 AM; Message: "No message"; Exception: 
2016-08-17 08:54:42,096 [13] INFO  POST http://localhost:12345/api/PasswordChanger/ChangePassword: Category: System.Web.Http.Controllers; Level: Info; Kind: Begin; Operator: DefaultHttpControllerActivator; Operation: Create; Status: 0; TimeStamp: 8/17/2016 5:54:42 AM; Message: "No message"; Exception: 
2016-08-17 08:54:42,102 [13] INFO  POST http://localhost:12345/api/PasswordChanger/ChangePassword: Category: System.Web.Http.Controllers; Level: Info; Kind: End; Operator: DefaultHttpControllerActivator; Operation: Create; Status: 0; TimeStamp: 8/17/2016 5:54:42 AM; Message: PasswordChanger.WebApiService.Controllers.PasswordChangerController; Exception: 
2016-08-17 08:54:42,103 [13] INFO  POST http://localhost:12345/api/PasswordChanger/ChangePassword: Category: System.Web.Http.Controllers; Level: Info; Kind: End; Operator: HttpControllerDescriptor; Operation: CreateController; Status: 0; TimeStamp: 8/17/2016 5:54:42 AM; Message: PasswordChanger.WebApiService.Controllers.PasswordChangerController; Exception: 
2016-08-17 08:54:42,103 [13] INFO  POST http://localhost:12345/api/PasswordChanger/ChangePassword: Category: System.Web.Http.Controllers; Level: Info; Kind: Begin; Operator: PasswordChangerController; Operation: ExecuteAsync; Status: 0; TimeStamp: 8/17/2016 5:54:42 AM; Message: "No message"; Exception: 
2016-08-17 08:54:42,104 [13] INFO  POST http://localhost:12345/api/PasswordChanger/ChangePassword: Category: System.Web.Http.Action; Level: Info; Kind: Begin; Operator: ApiControllerActionSelector; Operation: SelectAction; Status: 0; TimeStamp: 8/17/2016 5:54:42 AM; Message: "No message"; Exception: 
2016-08-17 08:54:42,111 [13] INFO  POST http://localhost:12345/api/PasswordChanger/ChangePassword: Category: System.Web.Http.Action; Level: Info; Kind: End; Operator: ApiControllerActionSelector; Operation: SelectAction; Status: 0; TimeStamp: 8/17/2016 5:54:42 AM; Message: Selected action 'ChangePassword(UsersDataDto user)'; Exception: 
2016-08-17 08:54:42,112 [13] INFO  POST http://localhost:12345/api/PasswordChanger/ChangePassword: Category: System.Web.Http.Filters; Level: Info; Kind: Begin; Operator: AllawIpToConnectAttribute; Operation: OnAuthorizationAsync; Status: 0; TimeStamp: 8/17/2016 5:54:42 AM; Message: "No message"; Exception: 
2016-08-17 08:54:42,113 [13] INFO  POST http://localhost:12345/api/PasswordChanger/ChangePassword: Category: System.Web.Http.Filters; Level: Info; Kind: End; Operator: AllawIpToConnectAttribute; Operation: OnAuthorizationAsync; Status: 0; TimeStamp: 8/17/2016 5:54:42 AM; Message: "No message"; Exception: 
2016-08-17 08:54:42,114 [13] INFO  POST http://localhost:12345/api/PasswordChanger/ChangePassword: Category: System.Web.Http.ModelBinding; Level: Info; Kind: Begin; Operator: HttpActionBinding; Operation: ExecuteBindingAsync; Status: 0; TimeStamp: 8/17/2016 5:54:42 AM; Message: "No message"; Exception: 
2016-08-17 08:54:42,116 [13] INFO  POST http://localhost:12345/api/PasswordChanger/ChangePassword: Category: System.Web.Http.ModelBinding; Level: Info; Kind: Begin; Operator: FormatterParameterBinding; Operation: ExecuteBindingAsync; Status: 0; TimeStamp: 8/17/2016 5:54:42 AM; Message: Binding parameter 'user'; Exception: 
2016-08-17 08:54:42,124 [13] INFO  No method No Uri: Category: System.Net.Http.Formatting; Level: Info; Kind: Begin; Operator: JsonMediaTypeFormatter; Operation: ReadFromStreamAsync; Status: 0; TimeStamp: 8/17/2016 5:54:42 AM; Message: Type='UsersDataDto', content-type='application/json'; Exception: 
2016-08-17 08:54:42,203 [13] INFO  No method No Uri: Category: System.Net.Http.Formatting; Level: Info; Kind: End; Operator: JsonMediaTypeFormatter; Operation: ReadFromStreamAsync; Status: 0; TimeStamp: 8/17/2016 5:54:42 AM; Message: Value read='PasswordChanger.Application.Dto.UsersDataDto'; Exception: 
2016-08-17 08:54:42,224 [13] INFO  POST http://localhost:12345/api/PasswordChanger/ChangePassword: Category: System.Web.Http.ModelBinding; Level: Info; Kind: End; Operator: FormatterParameterBinding; Operation: ExecuteBindingAsync; Status: 0; TimeStamp: 8/17/2016 5:54:42 AM; Message: Parameter 'user' bound to the value 'PasswordChanger.Application.Dto.UsersDataDto'; Exception: 
2016-08-17 08:54:42,226 [13] INFO  POST http://localhost:12345/api/PasswordChanger/ChangePassword: Category: System.Web.Http.ModelBinding; Level: Info; Kind: End; Operator: HttpActionBinding; Operation: ExecuteBindingAsync; Status: 0; TimeStamp: 8/17/2016 5:54:42 AM; Message: Model state is valid. Values: user=PasswordChanger.Application.Dto.UsersDataDto; Exception: 
2016-08-17 08:54:42,227 [13] INFO  POST http://localhost:12345/api/PasswordChanger/ChangePassword: Category: System.Web.Http.Filters; Level: Info; Kind: Begin; Operator: ValidateModelAttribute; Operation: OnActionExecutingAsync; Status: 0; TimeStamp: 8/17/2016 5:54:42 AM; Message: Action filter for 'ChangePassword(UsersDataDto user)'; Exception: 
2016-08-17 08:54:42,228 [13] INFO  POST http://localhost:12345/api/PasswordChanger/ChangePassword: Category: System.Web.Http.Filters; Level: Info; Kind: End; Operator: ValidateModelAttribute; Operation: OnActionExecutingAsync; Status: 0; TimeStamp: 8/17/2016 5:54:42 AM; Message: "No message"; Exception: 
2016-08-17 08:54:42,230 [13] INFO  POST http://localhost:12345/api/PasswordChanger/ChangePassword: Category: System.Web.Http.Action; Level: Info; Kind: Begin; Operator: ApiControllerActionInvoker; Operation: InvokeActionAsync; Status: 0; TimeStamp: 8/17/2016 5:54:42 AM; Message: Action='ChangePassword(user=PasswordChanger.Application.Dto.UsersDataDto)'; Exception: 
2016-08-17 08:54:42,231 [13] INFO  POST http://localhost:12345/api/PasswordChanger/ChangePassword: Category: System.Web.Http.Action; Level: Info; Kind: Begin; Operator: ReflectedHttpActionDescriptor; Operation: ExecuteAsync; Status: 0; TimeStamp: 8/17/2016 5:54:42 AM; Message: Invoking action 'ChangePassword(user=PasswordChanger.Application.Dto.UsersDataDto)'; Exception: 
2016-08-17 08:54:42,793 [13] INFO  POST http://localhost:12345/api/PasswordChanger/ChangePassword: Category: System.Net.Http.Formatting; Level: Info; Kind: Begin; Operator: DefaultContentNegotiator; Operation: Negotiate; Status: 0; TimeStamp: 8/17/2016 5:54:42 AM; Message: Type='String', formatters=[JsonMediaTypeFormatterTracer, XmlMediaTypeFormatterTracer, FormUrlEncodedMediaTypeFormatterTracer, FormUrlEncodedMediaTypeFormatterTracer]; Exception: 
2016-08-17 08:54:42,796 [13] INFO  POST http://localhost:12345/api/PasswordChanger/ChangePassword: Category: System.Net.Http.Formatting; Level: Info; Kind: Begin; Operator: JsonMediaTypeFormatter; Operation: GetPerRequestFormatterInstance; Status: 0; TimeStamp: 8/17/2016 5:54:42 AM; Message: Obtaining formatter of type 'JsonMediaTypeFormatter' for type='String', mediaType='application/json; charset=utf-8'; Exception: 
2016-08-17 08:54:42,798 [13] INFO  POST http://localhost:12345/api/PasswordChanger/ChangePassword: Category: System.Net.Http.Formatting; Level: Info; Kind: End; Operator: JsonMediaTypeFormatter; Operation: GetPerRequestFormatterInstance; Status: 0; TimeStamp: 8/17/2016 5:54:42 AM; Message: Will use same 'JsonMediaTypeFormatter' formatter; Exception: 
2016-08-17 08:54:42,799 [13] INFO  POST http://localhost:12345/api/PasswordChanger/ChangePassword: Category: System.Net.Http.Formatting; Level: Info; Kind: End; Operator: DefaultContentNegotiator; Operation: Negotiate; Status: 0; TimeStamp: 8/17/2016 5:54:42 AM; Message: Selected formatter='JsonMediaTypeFormatter', content-type='application/json; charset=utf-8'; Exception: 
2016-08-17 08:54:42,801 [13] INFO  POST http://localhost:12345/api/PasswordChanger/ChangePassword: Category: System.Web.Http.Action; Level: Info; Kind: End; Operator: ReflectedHttpActionDescriptor; Operation: ExecuteAsync; Status: 0; TimeStamp: 8/17/2016 5:54:42 AM; Message: Action returned 'StatusCode: 200, ReasonPhrase: 'OK', Version: 1.1, Content: System.Net.Http.ObjectContent`1[[System.String, mscorlib, Version=4.0.0.0, Culture=neutral, PublicKeyToken=b77a5c561934e089]], Headers: {   Content-Type: application/json; charset=utf-8 }'; Exception: 
2016-08-17 08:54:42,803 [13] INFO  POST http://localhost:12345/api/PasswordChanger/ChangePassword: Category: System.Web.Http.Action; Level: Info; Kind: End; Operator: ApiControllerActionInvoker; Operation: InvokeActionAsync; Status: OK; TimeStamp: 8/17/2016 5:54:42 AM; Message: "No message"; Exception: 
2016-08-17 08:54:42,804 [13] INFO  POST http://localhost:12345/api/PasswordChanger/ChangePassword: Category: System.Web.Http.Filters; Level: Info; Kind: Begin; Operator: ValidateModelAttribute; Operation: OnActionExecutedAsync; Status: OK; TimeStamp: 8/17/2016 5:54:42 AM; Message: Action filter for 'ChangePassword(UsersDataDto user)'; Exception: 
2016-08-17 08:54:42,806 [13] INFO  POST http://localhost:12345/api/PasswordChanger/ChangePassword: Category: System.Web.Http.Filters; Level: Info; Kind: End; Operator: ValidateModelAttribute; Operation: OnActionExecutedAsync; Status: OK; TimeStamp: 8/17/2016 5:54:42 AM; Message: "No message"; Exception: 
2016-08-17 08:54:42,808 [13] INFO  POST http://localhost:12345/api/PasswordChanger/ChangePassword: Category: System.Web.Http.Controllers; Level: Info; Kind: End; Operator: PasswordChangerController; Operation: ExecuteAsync; Status: OK; TimeStamp: 8/17/2016 5:54:42 AM; Message: "No message"; Exception: 
2016-08-17 08:54:42,809 [14] INFO  POST http://localhost:12345/api/PasswordChanger/ChangePassword: Category: System.Net.Http.Formatting; Level: Info; Kind: Begin; Operator: JsonMediaTypeFormatter; Operation: WriteToStreamAsync; Status: 0; TimeStamp: 8/17/2016 5:54:42 AM; Message: Value='User's test1 password was changed successfully!!!', type='String', content-type='application/json; charset=utf-8'; Exception: 
2016-08-17 08:54:42,811 [14] INFO  POST http://localhost:12345/api/PasswordChanger/ChangePassword: Category: System.Net.Http.Formatting; Level: Info; Kind: End; Operator: JsonMediaTypeFormatter; Operation: WriteToStreamAsync; Status: 0; TimeStamp: 8/17/2016 5:54:42 AM; Message: "No message"; Exception: 
2016-08-17 08:54:42,813 [14] INFO  RESPONSE BODY: Response: StatusCode: 200, ReasonPhrase: 'OK', Version: 1.1, Content: System.Net.Http.ObjectContent`1[[System.String, mscorlib, Version=4.0.0.0, Culture=neutral, PublicKeyToken=b77a5c561934e089]], Headers:	{	  Content-Type: application/json; charset=utf-8	}; DetailContent:"User's test1 password was changed successfully!!!"
2016-08-17 08:54:42,814 [14] INFO  POST http://localhost:12345/api/PasswordChanger/ChangePassword: Category: System.Web.Http.MessageHandlers; Level: Info; Kind: End; Operator: LogRequestAndResponseHandler; Operation: SendAsync; Status: OK; TimeStamp: 8/17/2016 5:54:42 AM; Message: "No message"; Exception: 
2016-08-17 08:54:42,816 [14] INFO  POST http://localhost:12345/api/PasswordChanger/ChangePassword: Category: System.Web.Http.Request; Level: Info; Kind: End; Operator: ; Operation: ; Status: OK; TimeStamp: 8/17/2016 5:54:42 AM; Message: Content-type='application/json; charset=utf-8', content-length=51; Exception: 
2016-08-17 08:54:42,818 [14] INFO  POST http://localhost:12345/api/PasswordChanger/ChangePassword: Category: System.Web.Http.Controllers; Level: Info; Kind: Begin; Operator: PasswordChangerController; Operation: Dispose; Status: 0; TimeStamp: 8/17/2016 5:54:42 AM; Message: "No message"; Exception: 
2016-08-17 08:54:42,820 [14] INFO  POST http://localhost:12345/api/PasswordChanger/ChangePassword: Category: System.Web.Http.Controllers; Level: Info; Kind: End; Operator: PasswordChangerController; Operation: Dispose; Status: 0; TimeStamp: 8/17/2016 5:54:42 AM; Message: "No message"; Exception: 
2016-08-17 08:54:59,163 [13] INFO  POST http://localhost:12345/api/PasswordChanger/ChangePassword: Category: System.Web.Http.Request; Level: Info; Kind: Begin; Operator: ; Operation: ; Status: 0; TimeStamp: 8/17/2016 5:54:59 AM; Message: http://localhost:12345/api/PasswordChanger/ChangePassword; Exception: 
2016-08-17 08:54:59,165 [13] INFO  POST http://localhost:12345/api/PasswordChanger/ChangePassword: Category: System.Web.Http.MessageHandlers; Level: Info; Kind: Begin; Operator: LogRequestAndResponseHandler; Operation: SendAsync; Status: 0; TimeStamp: 8/17/2016 5:54:59 AM; Message: "No message"; Exception: 
2016-08-17 08:54:59,166 [13] INFO  REQUEST BODY: Request: Method: POST, RequestUri: 'http://localhost:12345/api/PasswordChanger/ChangePassword', Version: 1.1, Content: System.Web.Http.SelfHost.Channels.HttpMessageEncoderFactory+HttpMessageEncoder+ByteArrayBufferManagerContent, Headers:	{	  Host: localhost:12345	  Content-Length: 75	  Content-Type: application/json	}; UserHostAddress: ::1; DetailContent: {	"UserName":"test1",	"CurrentPassword":"12345678",	"NewPassword":" "	}
2016-08-17 08:54:59,167 [13] INFO  POST http://localhost:12345/api/PasswordChanger/ChangePassword: Category: System.Web.Http.Controllers; Level: Info; Kind: Begin; Operator: DefaultHttpControllerSelector; Operation: SelectController; Status: 0; TimeStamp: 8/17/2016 5:54:59 AM; Message: Route='controller:PasswordChanger,action:ChangePassword'; Exception: 
2016-08-17 08:54:59,168 [13] INFO  POST http://localhost:12345/api/PasswordChanger/ChangePassword: Category: System.Web.Http.Controllers; Level: Info; Kind: End; Operator: DefaultHttpControllerSelector; Operation: SelectController; Status: 0; TimeStamp: 8/17/2016 5:54:59 AM; Message: PasswordChanger; Exception: 
2016-08-17 08:54:59,169 [13] INFO  POST http://localhost:12345/api/PasswordChanger/ChangePassword: Category: System.Web.Http.Controllers; Level: Info; Kind: Begin; Operator: HttpControllerDescriptor; Operation: CreateController; Status: 0; TimeStamp: 8/17/2016 5:54:59 AM; Message: "No message"; Exception: 
2016-08-17 08:54:59,170 [13] INFO  POST http://localhost:12345/api/PasswordChanger/ChangePassword: Category: System.Web.Http.Controllers; Level: Info; Kind: Begin; Operator: DefaultHttpControllerActivator; Operation: Create; Status: 0; TimeStamp: 8/17/2016 5:54:59 AM; Message: "No message"; Exception: 
2016-08-17 08:54:59,174 [13] INFO  POST http://localhost:12345/api/PasswordChanger/ChangePassword: Category: System.Web.Http.Controllers; Level: Info; Kind: End; Operator: DefaultHttpControllerActivator; Operation: Create; Status: 0; TimeStamp: 8/17/2016 5:54:59 AM; Message: PasswordChanger.WebApiService.Controllers.PasswordChangerController; Exception: 
2016-08-17 08:54:59,174 [13] INFO  POST http://localhost:12345/api/PasswordChanger/ChangePassword: Category: System.Web.Http.Controllers; Level: Info; Kind: End; Operator: HttpControllerDescriptor; Operation: CreateController; Status: 0; TimeStamp: 8/17/2016 5:54:59 AM; Message: PasswordChanger.WebApiService.Controllers.PasswordChangerController; Exception: 
2016-08-17 08:54:59,175 [13] INFO  POST http://localhost:12345/api/PasswordChanger/ChangePassword: Category: System.Web.Http.Controllers; Level: Info; Kind: Begin; Operator: PasswordChangerController; Operation: ExecuteAsync; Status: 0; TimeStamp: 8/17/2016 5:54:59 AM; Message: "No message"; Exception: 
2016-08-17 08:54:59,176 [13] INFO  POST http://localhost:12345/api/PasswordChanger/ChangePassword: Category: System.Web.Http.Action; Level: Info; Kind: Begin; Operator: ApiControllerActionSelector; Operation: SelectAction; Status: 0; TimeStamp: 8/17/2016 5:54:59 AM; Message: "No message"; Exception: 
2016-08-17 08:54:59,176 [13] INFO  POST http://localhost:12345/api/PasswordChanger/ChangePassword: Category: System.Web.Http.Action; Level: Info; Kind: End; Operator: ApiControllerActionSelector; Operation: SelectAction; Status: 0; TimeStamp: 8/17/2016 5:54:59 AM; Message: Selected action 'ChangePassword(UsersDataDto user)'; Exception: 
2016-08-17 08:54:59,177 [13] INFO  POST http://localhost:12345/api/PasswordChanger/ChangePassword: Category: System.Web.Http.Filters; Level: Info; Kind: Begin; Operator: AllawIpToConnectAttribute; Operation: OnAuthorizationAsync; Status: 0; TimeStamp: 8/17/2016 5:54:59 AM; Message: "No message"; Exception: 
2016-08-17 08:54:59,178 [13] INFO  POST http://localhost:12345/api/PasswordChanger/ChangePassword: Category: System.Web.Http.Filters; Level: Info; Kind: End; Operator: AllawIpToConnectAttribute; Operation: OnAuthorizationAsync; Status: 0; TimeStamp: 8/17/2016 5:54:59 AM; Message: "No message"; Exception: 
2016-08-17 08:54:59,179 [13] INFO  POST http://localhost:12345/api/PasswordChanger/ChangePassword: Category: System.Web.Http.ModelBinding; Level: Info; Kind: Begin; Operator: HttpActionBinding; Operation: ExecuteBindingAsync; Status: 0; TimeStamp: 8/17/2016 5:54:59 AM; Message: "No message"; Exception: 
2016-08-17 08:54:59,180 [13] INFO  POST http://localhost:12345/api/PasswordChanger/ChangePassword: Category: System.Web.Http.ModelBinding; Level: Info; Kind: Begin; Operator: FormatterParameterBinding; Operation: ExecuteBindingAsync; Status: 0; TimeStamp: 8/17/2016 5:54:59 AM; Message: Binding parameter 'user'; Exception: 
2016-08-17 08:54:59,181 [13] INFO  No method No Uri: Category: System.Net.Http.Formatting; Level: Info; Kind: Begin; Operator: JsonMediaTypeFormatter; Operation: ReadFromStreamAsync; Status: 0; TimeStamp: 8/17/2016 5:54:59 AM; Message: Type='UsersDataDto', content-type='application/json'; Exception: 
2016-08-17 08:54:59,182 [13] INFO  No method No Uri: Category: System.Net.Http.Formatting; Level: Info; Kind: End; Operator: JsonMediaTypeFormatter; Operation: ReadFromStreamAsync; Status: 0; TimeStamp: 8/17/2016 5:54:59 AM; Message: Value read='PasswordChanger.Application.Dto.UsersDataDto'; Exception: 
2016-08-17 08:54:59,186 [13] INFO  POST http://localhost:12345/api/PasswordChanger/ChangePassword: Category: System.Web.Http.ModelBinding; Level: Info; Kind: End; Operator: FormatterParameterBinding; Operation: ExecuteBindingAsync; Status: 0; TimeStamp: 8/17/2016 5:54:59 AM; Message: Parameter 'user' bound to the value 'PasswordChanger.Application.Dto.UsersDataDto'; Exception: 
2016-08-17 08:54:59,188 [13] INFO  POST http://localhost:12345/api/PasswordChanger/ChangePassword: Category: System.Web.Http.ModelBinding; Level: Info; Kind: End; Operator: HttpActionBinding; Operation: ExecuteBindingAsync; Status: 0; TimeStamp: 8/17/2016 5:54:59 AM; Message: Model state is invalid. user.NewPassword: The entered password does not meet complexity rules!,user.NewPassword: The NewPassword field is required.; Exception: 
2016-08-17 08:54:59,189 [13] INFO  POST http://localhost:12345/api/PasswordChanger/ChangePassword: Category: System.Web.Http.Filters; Level: Info; Kind: Begin; Operator: ValidateModelAttribute; Operation: OnActionExecutingAsync; Status: 0; TimeStamp: 8/17/2016 5:54:59 AM; Message: Action filter for 'ChangePassword(UsersDataDto user)'; Exception: 
2016-08-17 08:54:59,193 [13] INFO  POST http://localhost:12345/api/PasswordChanger/ChangePassword: Category: System.Net.Http.Formatting; Level: Info; Kind: Begin; Operator: DefaultContentNegotiator; Operation: Negotiate; Status: 0; TimeStamp: 8/17/2016 5:54:59 AM; Message: Type='HttpError', formatters=[JsonMediaTypeFormatterTracer, XmlMediaTypeFormatterTracer, FormUrlEncodedMediaTypeFormatterTracer, FormUrlEncodedMediaTypeFormatterTracer]; Exception: 
2016-08-17 08:54:59,194 [13] INFO  POST http://localhost:12345/api/PasswordChanger/ChangePassword: Category: System.Net.Http.Formatting; Level: Info; Kind: Begin; Operator: JsonMediaTypeFormatter; Operation: GetPerRequestFormatterInstance; Status: 0; TimeStamp: 8/17/2016 5:54:59 AM; Message: Obtaining formatter of type 'JsonMediaTypeFormatter' for type='HttpError', mediaType='application/json; charset=utf-8'; Exception: 
2016-08-17 08:54:59,195 [13] INFO  POST http://localhost:12345/api/PasswordChanger/ChangePassword: Category: System.Net.Http.Formatting; Level: Info; Kind: End; Operator: JsonMediaTypeFormatter; Operation: GetPerRequestFormatterInstance; Status: 0; TimeStamp: 8/17/2016 5:54:59 AM; Message: Will use same 'JsonMediaTypeFormatter' formatter; Exception: 
2016-08-17 08:54:59,196 [13] INFO  POST http://localhost:12345/api/PasswordChanger/ChangePassword: Category: System.Net.Http.Formatting; Level: Info; Kind: End; Operator: DefaultContentNegotiator; Operation: Negotiate; Status: 0; TimeStamp: 8/17/2016 5:54:59 AM; Message: Selected formatter='JsonMediaTypeFormatter', content-type='application/json; charset=utf-8'; Exception: 
2016-08-17 08:54:59,197 [13] INFO  POST http://localhost:12345/api/PasswordChanger/ChangePassword: Category: System.Web.Http.Filters; Level: Info; Kind: End; Operator: ValidateModelAttribute; Operation: OnActionExecutingAsync; Status: BadRequest; TimeStamp: 8/17/2016 5:54:59 AM; Message: "No message"; Exception: 
2016-08-17 08:54:59,197 [13] INFO  POST http://localhost:12345/api/PasswordChanger/ChangePassword: Category: System.Web.Http.Controllers; Level: Info; Kind: End; Operator: PasswordChangerController; Operation: ExecuteAsync; Status: BadRequest; TimeStamp: 8/17/2016 5:54:59 AM; Message: "No message"; Exception: 
2016-08-17 08:54:59,199 [14] INFO  POST http://localhost:12345/api/PasswordChanger/ChangePassword: Category: System.Net.Http.Formatting; Level: Info; Kind: Begin; Operator: JsonMediaTypeFormatter; Operation: WriteToStreamAsync; Status: 0; TimeStamp: 8/17/2016 5:54:59 AM; Message: Value='System.Web.Http.HttpError', type='HttpError', content-type='application/json; charset=utf-8'; Exception: 
2016-08-17 08:54:59,222 [14] INFO  POST http://localhost:12345/api/PasswordChanger/ChangePassword: Category: System.Net.Http.Formatting; Level: Info; Kind: End; Operator: JsonMediaTypeFormatter; Operation: WriteToStreamAsync; Status: 0; TimeStamp: 8/17/2016 5:54:59 AM; Message: "No message"; Exception: 
2016-08-17 08:54:59,223 [14] INFO  RESPONSE BODY: Response: StatusCode: 400, ReasonPhrase: 'Bad Request', Version: 1.1, Content: System.Net.Http.ObjectContent`1[[System.Web.Http.HttpError, System.Web.Http, Version=5.2.3.0, Culture=neutral, PublicKeyToken=31bf3856ad364e35]], Headers:	{	  Content-Type: application/json; charset=utf-8	}; DetailContent:{"Message":"The request is invalid.","ModelState":{"user.NewPassword":["The entered password does not meet complexity rules!","The NewPassword field is required."]}}
2016-08-17 08:54:59,224 [14] INFO  POST http://localhost:12345/api/PasswordChanger/ChangePassword: Category: System.Web.Http.MessageHandlers; Level: Info; Kind: End; Operator: LogRequestAndResponseHandler; Operation: SendAsync; Status: BadRequest; TimeStamp: 8/17/2016 5:54:59 AM; Message: "No message"; Exception: 
2016-08-17 08:54:59,225 [14] INFO  POST http://localhost:12345/api/PasswordChanger/ChangePassword: Category: System.Web.Http.Request; Level: Info; Kind: End; Operator: ; Operation: ; Status: BadRequest; TimeStamp: 8/17/2016 5:54:59 AM; Message: Content-type='application/json; charset=utf-8', content-length=165; Exception: 
2016-08-17 08:54:59,227 [14] INFO  POST http://localhost:12345/api/PasswordChanger/ChangePassword: Category: System.Web.Http.Controllers; Level: Info; Kind: Begin; Operator: PasswordChangerController; Operation: Dispose; Status: 0; TimeStamp: 8/17/2016 5:54:59 AM; Message: "No message"; Exception: 
2016-08-17 08:54:59,228 [14] INFO  POST http://localhost:12345/api/PasswordChanger/ChangePassword: Category: System.Web.Http.Controllers; Level: Info; Kind: End; Operator: PasswordChangerController; Operation: Dispose; Status: 0; TimeStamp: 8/17/2016 5:54:59 AM; Message: "No message"; Exception: 
