2016-08-19 10:14:28,564 [1] INFO  Application is started.
2016-08-19 10:16:49,339 [1] INFO  Application is started.
2016-08-19 10:19:22,994 [1] INFO  Application is started.
2016-08-19 10:19:30,671 [8] INFO  http://localhost:7596/
2016-08-19 10:19:30,671 [8] INFO  :7596
2016-08-19 10:19:30,743 [8] ERROR Cannot redirect after HTTP headers have been sent.
   at System.Web.HttpResponse.Redirect(String url, Boolean endResponse, Boolean permanent)
   at System.Web.HttpResponseWrapper.Redirect(String url, Boolean endResponse)
   at System.Web.Mvc.RedirectResult.ExecuteResult(ControllerContext context)
   at System.Web.Mvc.ControllerActionInvoker.InvokeActionResult(ControllerContext controllerContext, ActionResult actionResult)
   at System.Web.Mvc.Async.AsyncControllerActionInvoker.<>c__DisplayClass21.<>c__DisplayClass29.<BeginInvokeAction>b__1b()
   at System.Web.Mvc.Async.AsyncControllerActionInvoker.<>c__DisplayClass21.<BeginInvokeAction>b__1e(IAsyncResult asyncResult)
Details__RequestVerificationToken = Dc3a1U1L5axGFSHWv2SWdSSwyywjUO8iEPDBHmNQ5BcLmdupXktILvCqQ3o4eEaJ0BI-ib6JX2E6dN4wCrF4QTGhnyeCr_EBWyfq-LRCcEI1
ASP.NET_SessionId = n2d0uvttpfoqudy4mmjdz4mj
ALL_HTTP = HTTP_CONNECTION:keep-alive
HTTP_ACCEPT:text/html,application/xhtml+xml,application/xml;q=0.9,image/webp,*/*;q=0.8
HTTP_ACCEPT_ENCODING:gzip, deflate, sdch
HTTP_ACCEPT_LANGUAGE:en-US,en;q=0.8,bg;q=0.6
HTTP_COOKIE:__RequestVerificationToken=Dc3a1U1L5axGFSHWv2SWdSSwyywjUO8iEPDBHmNQ5BcLmdupXktILvCqQ3o4eEaJ0BI-ib6JX2E6dN4wCrF4QTGhnyeCr_EBWyfq-LRCcEI1; ASP.NET_SessionId=n2d0uvttpfoqudy4mmjdz4mj
HTTP_HOST:localhost:7596
HTTP_USER_AGENT:Mozilla/5.0 (Windows NT 10.0; Win64; x64) AppleWebKit/537.36 (KHTML, like Gecko) Chrome/52.0.2743.116 Safari/537.36
HTTP_UPGRADE_INSECURE_REQUESTS:1

ALL_RAW = Connection: keep-alive
Accept: text/html,application/xhtml+xml,application/xml;q=0.9,image/webp,*/*;q=0.8
Accept-Encoding: gzip, deflate, sdch
Accept-Language: en-US,en;q=0.8,bg;q=0.6
Cookie: __RequestVerificationToken=Dc3a1U1L5axGFSHWv2SWdSSwyywjUO8iEPDBHmNQ5BcLmdupXktILvCqQ3o4eEaJ0BI-ib6JX2E6dN4wCrF4QTGhnyeCr_EBWyfq-LRCcEI1; ASP.NET_SessionId=n2d0uvttpfoqudy4mmjdz4mj
Host: localhost:7596
User-Agent: Mozilla/5.0 (Windows NT 10.0; Win64; x64) AppleWebKit/537.36 (KHTML, like Gecko) Chrome/52.0.2743.116 Safari/537.36
Upgrade-Insecure-Requests: 1

APPL_MD_PATH = /LM/W3SVC/3/ROOT
APPL_PHYSICAL_PATH = E:\Systems\PasswordChanger\PasswordChanger\PasswordChanger.Web\
AUTH_TYPE = 
AUTH_USER = 
AUTH_PASSWORD = 
LOGON_USER = 
REMOTE_USER = 
CERT_COOKIE = 
CERT_FLAGS = 
CERT_ISSUER = 
CERT_KEYSIZE = 
CERT_SECRETKEYSIZE = 
CERT_SERIALNUMBER = 
CERT_SERVER_ISSUER = 
CERT_SERVER_SUBJECT = 
CERT_SUBJECT = 
CONTENT_LENGTH = 0
CONTENT_TYPE = 
GATEWAY_INTERFACE = CGI/1.1
HTTPS = off
HTTPS_KEYSIZE = 
HTTPS_SECRETKEYSIZE = 
HTTPS_SERVER_ISSUER = 
HTTPS_SERVER_SUBJECT = 
INSTANCE_ID = 3
INSTANCE_META_PATH = /LM/W3SVC/3
LOCAL_ADDR = ::1
PATH_INFO = /
PATH_TRANSLATED = E:\Systems\PasswordChanger\PasswordChanger\PasswordChanger.Web
QUERY_STRING = 
REMOTE_ADDR = ::1
REMOTE_HOST = ::1
REMOTE_PORT = 3019
REQUEST_METHOD = GET
SCRIPT_NAME = /
SERVER_NAME = localhost
SERVER_PORT = 7596
SERVER_PORT_SECURE = 0
SERVER_PROTOCOL = HTTP/1.1
SERVER_SOFTWARE = Microsoft-IIS/10.0
URL = /
HTTP_CONNECTION = keep-alive
HTTP_ACCEPT = text/html,application/xhtml+xml,application/xml;q=0.9,image/webp,*/*;q=0.8
HTTP_ACCEPT_ENCODING = gzip, deflate, sdch
HTTP_ACCEPT_LANGUAGE = en-US,en;q=0.8,bg;q=0.6
HTTP_COOKIE = __RequestVerificationToken=Dc3a1U1L5axGFSHWv2SWdSSwyywjUO8iEPDBHmNQ5BcLmdupXktILvCqQ3o4eEaJ0BI-ib6JX2E6dN4wCrF4QTGhnyeCr_EBWyfq-LRCcEI1; ASP.NET_SessionId=n2d0uvttpfoqudy4mmjdz4mj
HTTP_HOST = localhost:7596
HTTP_USER_AGENT = Mozilla/5.0 (Windows NT 10.0; Win64; x64) AppleWebKit/537.36 (KHTML, like Gecko) Chrome/52.0.2743.116 Safari/537.36
HTTP_UPGRADE_INSECURE_REQUESTS = 1
2016-08-22 14:48:02,223 [1] INFO  Application is started.
2016-08-22 14:49:26,947 [1] INFO  Application is started.
2016-08-22 14:51:54,834 [1] INFO  Application is started.
2016-08-22 14:52:48,557 [1] INFO  Application is started.
2016-08-22 14:55:34,300 [1] INFO  Application is started.
2016-08-22 15:01:03,523 [1] INFO  Application is started.
2016-08-22 15:02:15,881 [1] INFO  Application is started.
2016-08-22 15:04:59,484 [1] INFO  Application is started.
2016-08-22 15:05:37,138 [10] ERROR Value cannot be null.
Parameter name: key
   at System.Web.Mvc.ModelStateDictionary.GetModelStateForKey(String key)
   at System.Web.Mvc.ModelStateDictionary.AddModelError(String key, String errorMessage)
   at PasswordChanger.Web.Controllers.HomeController.Index(UsersDataDto user) in E:\Systems\PasswordChanger\PasswordChanger\PasswordChanger.Web\Controllers\HomeController.cs:line 50
   at lambda_method(Closure , ControllerBase , Object[] )
   at System.Web.Mvc.ActionMethodDispatcher.Execute(ControllerBase controller, Object[] parameters)
   at System.Web.Mvc.ReflectedActionDescriptor.Execute(ControllerContext controllerContext, IDictionary`2 parameters)
   at System.Web.Mvc.ControllerActionInvoker.InvokeActionMethod(ControllerContext controllerContext, ActionDescriptor actionDescriptor, IDictionary`2 parameters)
   at System.Web.Mvc.Async.AsyncControllerActionInvoker.ActionInvocation.InvokeSynchronousActionMethod()
   at System.Web.Mvc.Async.AsyncControllerActionInvoker.<BeginInvokeSynchronousActionMethod>b__39(IAsyncResult asyncResult, ActionInvocation innerInvokeState)
   at System.Web.Mvc.Async.AsyncResultWrapper.WrappedAsyncResult`2.CallEndDelegate(IAsyncResult asyncResult)
   at System.Web.Mvc.Async.AsyncResultWrapper.WrappedAsyncResultBase`1.End()
   at System.Web.Mvc.Async.AsyncResultWrapper.End[TResult](IAsyncResult asyncResult, Object tag)
   at System.Web.Mvc.Async.AsyncControllerActionInvoker.EndInvokeActionMethod(IAsyncResult asyncResult)
   at System.Web.Mvc.Async.AsyncControllerActionInvoker.AsyncInvocationWithFilters.<InvokeActionMethodFilterAsynchronouslyRecursive>b__3d()
   at System.Web.Mvc.Async.AsyncControllerActionInvoker.AsyncInvocationWithFilters.<>c__DisplayClass46.<InvokeActionMethodFilterAsynchronouslyRecursive>b__3f()
   at System.Web.Mvc.Async.AsyncControllerActionInvoker.<>c__DisplayClass33.<BeginInvokeActionMethodWithFilters>b__32(IAsyncResult asyncResult)
   at System.Web.Mvc.Async.AsyncResultWrapper.WrappedAsyncResult`1.CallEndDelegate(IAsyncResult asyncResult)
   at System.Web.Mvc.Async.AsyncResultWrapper.WrappedAsyncResultBase`1.End()
   at System.Web.Mvc.Async.AsyncResultWrapper.End[TResult](IAsyncResult asyncResult, Object tag)
   at System.Web.Mvc.Async.AsyncControllerActionInvoker.EndInvokeActionMethodWithFilters(IAsyncResult asyncResult)
   at System.Web.Mvc.Async.AsyncControllerActionInvoker.<>c__DisplayClass21.<>c__DisplayClass2b.<BeginInvokeAction>b__1c()
   at System.Web.Mvc.Async.AsyncControllerActionInvoker.<>c__DisplayClass21.<BeginInvokeAction>b__1e(IAsyncResult asyncResult)
Details__RequestVerificationToken = qnkUgPjyuj5o8gQnA25Hy1ZtBgjoHWu71mnYfo02cfhguWx23MIfFwuaVI2uXyFArul-M7ypyb5Y1BtMmbBTotJpWUjGNkXV1_m7N_LImDc1,i5o9N_urdyq541p63hpCxcUYWMOylolsRX88Ys6r3ljlFsywva1YVaV7UaiUaJ52pSeJRqRk19X7uc7-JJ2pVCl-jjPWfmZ8lf_PW3RngLk1
UserName = test1
CurrentPassword = P@ssw0rd
NewPassword = P@ssw0rd
CaptchaDeText = 4c1efc676f5f402989b7747c2cb4a908
CaptchaInputText = 81
ASP.NET_SessionId = wrjnpr1bhg54xqt1whjajnpe
.AspNet.ApplicationCookie = z3GgSJ5v3duMIqBdXJB7TnRmCUmdhW-4P43JNS1xPsttiEeOS3vSWkD8-3amGBsIsrq1p_5wc7aJB1Z6fGa99-VVFHwMHHmuKhgLlgC_bVcL7JZwXSrNNvzAAknBno9HMV8pdiEWi08X2cSStlxFByUM9zz2NlKgTsL4ZCgHNLss94kSDP-5HrmoOwB2Nj2K51hj2sJoR79oMuarah95olHCfDinUkJlnfBSgdUznWYuCQeLIGhhYFpJ5hJiAfR5WHKI-xl8tA_PJ1bPV-LyoQ1C5FRm2TRgAZYkrZk6GGo_p1OOyGjFaGN5IJJMEouI179T7B4pjHSe_TZjSSj_VNsgT250tEWp1aSY8eFaLuMiVgblRQj-8jGfdtrWp-huhbJF1t-tSTrziChGqg7rnnvmrtWj9FaxJAkEq4Xc38adzC65AK-TplCeNLvkA3I9RkRANH_CuPFlLgzo3Z5HFPSoUlTEd-8l8xEpwAA_MO4kB1jL
ALL_HTTP = HTTP_CACHE_CONTROL:max-age=0
HTTP_CONNECTION:keep-alive
HTTP_CONTENT_LENGTH:267
HTTP_CONTENT_TYPE:application/x-www-form-urlencoded
HTTP_ACCEPT:text/html,application/xhtml+xml,application/xml;q=0.9,image/webp,*/*;q=0.8
HTTP_ACCEPT_ENCODING:gzip, deflate
HTTP_ACCEPT_LANGUAGE:en-US,en;q=0.8,bg;q=0.6
HTTP_COOKIE:ASP.NET_SessionId=wrjnpr1bhg54xqt1whjajnpe; .AspNet.ApplicationCookie=z3GgSJ5v3duMIqBdXJB7TnRmCUmdhW-4P43JNS1xPsttiEeOS3vSWkD8-3amGBsIsrq1p_5wc7aJB1Z6fGa99-VVFHwMHHmuKhgLlgC_bVcL7JZwXSrNNvzAAknBno9HMV8pdiEWi08X2cSStlxFByUM9zz2NlKgTsL4ZCgHNLss94kSDP-5HrmoOwB2Nj2K51hj2sJoR79oMuarah95olHCfDinUkJlnfBSgdUznWYuCQeLIGhhYFpJ5hJiAfR5WHKI-xl8tA_PJ1bPV-LyoQ1C5FRm2TRgAZYkrZk6GGo_p1OOyGjFaGN5IJJMEouI179T7B4pjHSe_TZjSSj_VNsgT250tEWp1aSY8eFaLuMiVgblRQj-8jGfdtrWp-huhbJF1t-tSTrziChGqg7rnnvmrtWj9FaxJAkEq4Xc38adzC65AK-TplCeNLvkA3I9RkRANH_CuPFlLgzo3Z5HFPSoUlTEd-8l8xEpwAA_MO4kB1jL; __RequestVerificationToken=i5o9N_urdyq541p63hpCxcUYWMOylolsRX88Ys6r3ljlFsywva1YVaV7UaiUaJ52pSeJRqRk19X7uc7-JJ2pVCl-jjPWfmZ8lf_PW3RngLk1
HTTP_HOST:localhost:7596
HTTP_REFERER:http://localhost:7596/
HTTP_USER_AGENT:Mozilla/5.0 (Windows NT 10.0; Win64; x64) AppleWebKit/537.36 (KHTML, like Gecko) Chrome/52.0.2743.116 Safari/537.36
HTTP_ORIGIN:http://localhost:7596
HTTP_UPGRADE_INSECURE_REQUESTS:1

ALL_RAW = Cache-Control: max-age=0
Connection: keep-alive
Content-Length: 267
Content-Type: application/x-www-form-urlencoded
Accept: text/html,application/xhtml+xml,application/xml;q=0.9,image/webp,*/*;q=0.8
Accept-Encoding: gzip, deflate
Accept-Language: en-US,en;q=0.8,bg;q=0.6
Cookie: ASP.NET_SessionId=wrjnpr1bhg54xqt1whjajnpe; .AspNet.ApplicationCookie=z3GgSJ5v3duMIqBdXJB7TnRmCUmdhW-4P43JNS1xPsttiEeOS3vSWkD8-3amGBsIsrq1p_5wc7aJB1Z6fGa99-VVFHwMHHmuKhgLlgC_bVcL7JZwXSrNNvzAAknBno9HMV8pdiEWi08X2cSStlxFByUM9zz2NlKgTsL4ZCgHNLss94kSDP-5HrmoOwB2Nj2K51hj2sJoR79oMuarah95olHCfDinUkJlnfBSgdUznWYuCQeLIGhhYFpJ5hJiAfR5WHKI-xl8tA_PJ1bPV-LyoQ1C5FRm2TRgAZYkrZk6GGo_p1OOyGjFaGN5IJJMEouI179T7B4pjHSe_TZjSSj_VNsgT250tEWp1aSY8eFaLuMiVgblRQj-8jGfdtrWp-huhbJF1t-tSTrziChGqg7rnnvmrtWj9FaxJAkEq4Xc38adzC65AK-TplCeNLvkA3I9RkRANH_CuPFlLgzo3Z5HFPSoUlTEd-8l8xEpwAA_MO4kB1jL; __RequestVerificationToken=i5o9N_urdyq541p63hpCxcUYWMOylolsRX88Ys6r3ljlFsywva1YVaV7UaiUaJ52pSeJRqRk19X7uc7-JJ2pVCl-jjPWfmZ8lf_PW3RngLk1
Host: localhost:7596
Referer: http://localhost:7596/
User-Agent: Mozilla/5.0 (Windows NT 10.0; Win64; x64) AppleWebKit/537.36 (KHTML, like Gecko) Chrome/52.0.2743.116 Safari/537.36
Origin: http://localhost:7596
Upgrade-Insecure-Requests: 1

APPL_MD_PATH = /LM/W3SVC/3/ROOT
APPL_PHYSICAL_PATH = E:\Systems\PasswordChanger\PasswordChanger\PasswordChanger.Web\
AUTH_TYPE = 
AUTH_USER = 
AUTH_PASSWORD = 
LOGON_USER = 
REMOTE_USER = 
CERT_COOKIE = 
CERT_FLAGS = 
CERT_ISSUER = 
CERT_KEYSIZE = 
CERT_SECRETKEYSIZE = 
CERT_SERIALNUMBER = 
CERT_SERVER_ISSUER = 
CERT_SERVER_SUBJECT = 
CERT_SUBJECT = 
CONTENT_LENGTH = 267
CONTENT_TYPE = application/x-www-form-urlencoded
GATEWAY_INTERFACE = CGI/1.1
HTTPS = off
HTTPS_KEYSIZE = 
HTTPS_SECRETKEYSIZE = 
HTTPS_SERVER_ISSUER = 
HTTPS_SERVER_SUBJECT = 
INSTANCE_ID = 3
INSTANCE_META_PATH = /LM/W3SVC/3
LOCAL_ADDR = ::1
PATH_INFO = /
PATH_TRANSLATED = E:\Systems\PasswordChanger\PasswordChanger\PasswordChanger.Web
QUERY_STRING = 
REMOTE_ADDR = ::1
REMOTE_HOST = ::1
REMOTE_PORT = 32924
REQUEST_METHOD = POST
SCRIPT_NAME = /
SERVER_NAME = localhost
SERVER_PORT = 7596
SERVER_PORT_SECURE = 0
SERVER_PROTOCOL = HTTP/1.1
SERVER_SOFTWARE = Microsoft-IIS/10.0
URL = /
HTTP_CACHE_CONTROL = max-age=0
HTTP_CONNECTION = keep-alive
HTTP_CONTENT_LENGTH = 267
HTTP_CONTENT_TYPE = application/x-www-form-urlencoded
HTTP_ACCEPT = text/html,application/xhtml+xml,application/xml;q=0.9,image/webp,*/*;q=0.8
HTTP_ACCEPT_ENCODING = gzip, deflate
HTTP_ACCEPT_LANGUAGE = en-US,en;q=0.8,bg;q=0.6
HTTP_COOKIE = ASP.NET_SessionId=wrjnpr1bhg54xqt1whjajnpe; .AspNet.ApplicationCookie=z3GgSJ5v3duMIqBdXJB7TnRmCUmdhW-4P43JNS1xPsttiEeOS3vSWkD8-3amGBsIsrq1p_5wc7aJB1Z6fGa99-VVFHwMHHmuKhgLlgC_bVcL7JZwXSrNNvzAAknBno9HMV8pdiEWi08X2cSStlxFByUM9zz2NlKgTsL4ZCgHNLss94kSDP-5HrmoOwB2Nj2K51hj2sJoR79oMuarah95olHCfDinUkJlnfBSgdUznWYuCQeLIGhhYFpJ5hJiAfR5WHKI-xl8tA_PJ1bPV-LyoQ1C5FRm2TRgAZYkrZk6GGo_p1OOyGjFaGN5IJJMEouI179T7B4pjHSe_TZjSSj_VNsgT250tEWp1aSY8eFaLuMiVgblRQj-8jGfdtrWp-huhbJF1t-tSTrziChGqg7rnnvmrtWj9FaxJAkEq4Xc38adzC65AK-TplCeNLvkA3I9RkRANH_CuPFlLgzo3Z5HFPSoUlTEd-8l8xEpwAA_MO4kB1jL; __RequestVerificationToken=i5o9N_urdyq541p63hpCxcUYWMOylolsRX88Ys6r3ljlFsywva1YVaV7UaiUaJ52pSeJRqRk19X7uc7-JJ2pVCl-jjPWfmZ8lf_PW3RngLk1
HTTP_HOST = localhost:7596
HTTP_REFERER = http://localhost:7596/
HTTP_USER_AGENT = Mozilla/5.0 (Windows NT 10.0; Win64; x64) AppleWebKit/537.36 (KHTML, like Gecko) Chrome/52.0.2743.116 Safari/537.36
HTTP_ORIGIN = http://localhost:7596
HTTP_UPGRADE_INSECURE_REQUESTS = 1
2016-08-22 15:10:33,555 [1] INFO  Application is started.
2016-08-22 15:12:22,936 [1] INFO  Application is started.
2016-08-22 15:12:50,273 [10] ERROR test1 - There was a problem during password changing process!!!
 Please contact service desk.
2016-08-22 15:17:02,849 [1] INFO  Application is started.
2016-08-22 15:18:10,128 [10] ERROR tesat1 - There was a problem during password changing process!!!
 Please contact service desk.
2016-08-22 15:20:46,799 [1] INFO  Application is started.
2016-08-22 15:30:46,416 [1] INFO  Application is started.
2016-08-22 15:33:10,798 [9] ERROR One or more errors occurred.
   at System.Threading.Tasks.Task.ThrowIfExceptional(Boolean includeTaskCanceledExceptions)
   at System.Threading.Tasks.Task`1.GetResultCore(Boolean waitCompletionNotification)
   at System.Threading.Tasks.Task`1.get_Result()
   at PasswordChanger.Application.Services.ChangePasswordService.ChangePassword(IUsersDataDto user) in E:\Systems\PasswordChanger\PasswordChanger\PasswordChanger.Application\Services\ChangePasswordService.cs:line 47
System.AggregateException: One or more errors occurred. ---> System.Net.Http.HttpRequestException: An error occurred while sending the request. ---> System.Net.WebException: Unable to connect to the remote server ---> System.Net.Sockets.SocketException: No connection could be made because the target machine actively refused it 10.94.23.238:12345
   at System.Net.Sockets.Socket.EndConnect(IAsyncResult asyncResult)
   at System.Net.ServicePoint.ConnectSocketInternal(Boolean connectFailure, Socket s4, Socket s6, Socket& socket, IPAddress& address, ConnectSocketState state, IAsyncResult asyncResult, Exception& exception)
   --- End of inner exception stack trace ---
   at System.Net.HttpWebRequest.EndGetRequestStream(IAsyncResult asyncResult, TransportContext& context)
   at System.Net.Http.HttpClientHandler.GetRequestStreamCallback(IAsyncResult ar)
   --- End of inner exception stack trace ---
   --- End of inner exception stack trace ---
   at System.Threading.Tasks.Task.ThrowIfExceptional(Boolean includeTaskCanceledExceptions)
   at System.Threading.Tasks.Task`1.GetResultCore(Boolean waitCompletionNotification)
   at System.Threading.Tasks.Task`1.get_Result()
   at PasswordChanger.Application.Services.ChangePasswordService.ChangePassword(IUsersDataDto user) in E:\Systems\PasswordChanger\PasswordChanger\PasswordChanger.Application\Services\ChangePasswordService.cs:line 47
---> (Inner Exception #0) System.Net.Http.HttpRequestException: An error occurred while sending the request. ---> System.Net.WebException: Unable to connect to the remote server ---> System.Net.Sockets.SocketException: No connection could be made because the target machine actively refused it 10.94.23.238:12345
   at System.Net.Sockets.Socket.EndConnect(IAsyncResult asyncResult)
   at System.Net.ServicePoint.ConnectSocketInternal(Boolean connectFailure, Socket s4, Socket s6, Socket& socket, IPAddress& address, ConnectSocketState state, IAsyncResult asyncResult, Exception& exception)
   --- End of inner exception stack trace ---
   at System.Net.HttpWebRequest.EndGetRequestStream(IAsyncResult asyncResult, TransportContext& context)
   at System.Net.Http.HttpClientHandler.GetRequestStreamCallback(IAsyncResult ar)
   --- End of inner exception stack trace ---<---

2016-08-22 15:33:10,808 [9] ERROR test1 - There was a problem during password changing process!!!
 Please contact service desk.
2016-08-22 15:43:44,028 [1] INFO  Application is started.
2016-08-22 15:44:37,140 [8] ERROR One or more errors occurred.

   at System.Threading.Tasks.Task.ThrowIfExceptional(Boolean includeTaskCanceledExceptions)
   at System.Threading.Tasks.Task`1.GetResultCore(Boolean waitCompletionNotification)
   at System.Threading.Tasks.Task`1.get_Result()
   at PasswordChanger.Application.Services.ChangePasswordService.ChangePassword(IUsersDataDto user) in E:\Systems\PasswordChanger\PasswordChanger\PasswordChanger.Application\Services\ChangePasswordService.cs:line 48
2016-08-22 15:44:37,141 [8] ERROR тест - There was a problem during password changing process!!!
 Please contact service desk.
2016-08-22 15:47:44,081 [1] INFO  Application is started.
2016-08-22 15:49:39,957 [9] ERROR One or more errors occurred.
One or more errors occurred.
An error occurred while sending the request.
Unable to connect to the remote server
No connection could be made because the target machine actively refused it 10.94.23.238:12345

   at System.Threading.Tasks.Task.ThrowIfExceptional(Boolean includeTaskCanceledExceptions)
   at System.Threading.Tasks.Task`1.GetResultCore(Boolean waitCompletionNotification)
   at System.Threading.Tasks.Task`1.get_Result()
   at PasswordChanger.Application.Services.ChangePasswordService.ChangePassword(IUsersDataDto user) in E:\Systems\PasswordChanger\PasswordChanger\PasswordChanger.Application\Services\ChangePasswordService.cs:line 48
2016-08-22 15:49:39,958 [9] ERROR test1 - There was a problem during password changing process!!!
 Please contact service desk.
2016-08-22 15:52:17,833 [1] INFO  Application is started.
2016-08-22 15:53:25,464 [10] ERROR One or more errors occurred.
							One or more errors occurred.
							An error occurred while sending the request.
							Unable to connect to the remote server
							No connection could be made because the target machine actively refused it 10.94.23.238:12345

   at System.Threading.Tasks.Task.ThrowIfExceptional(Boolean includeTaskCanceledExceptions)
   at System.Threading.Tasks.Task`1.GetResultCore(Boolean waitCompletionNotification)
   at System.Threading.Tasks.Task`1.get_Result()
   at PasswordChanger.Application.Services.ChangePasswordService.ChangePassword(IUsersDataDto user) in E:\Systems\PasswordChanger\PasswordChanger\PasswordChanger.Application\Services\ChangePasswordService.cs:line 48
2016-08-22 15:53:25,466 [10] ERROR test1 - There was a problem during password changing process!!!
 Please contact service desk.
2016-08-22 15:58:28,225 [1] INFO  Application is started.
2016-08-22 16:14:27,543 [1] INFO  Application is started.
2016-08-22 16:28:38,229 [1] INFO  Application is started.
2016-08-23 09:30:27,746 [1] INFO  Application is started.
2016-08-23 09:38:09,279 [1] INFO  Application is started.
2016-08-23 09:42:14,756 [1] INFO  Application is started.
2016-08-23 09:49:27,060 [1] INFO  Application is started.
2016-08-23 09:51:13,675 [1] INFO  Application is started.
2016-08-23 09:53:39,278 [1] INFO  Application is started.
